{"D:\\ATOM-\\ATOM\\REACTJS\\extensions-viet\\src\\tests\\TruyentranhAudio.test.ts":{"path":"D:\\ATOM-\\ATOM\\REACTJS\\extensions-viet\\src\\tests\\TruyentranhAudio.test.ts","statementMap":{"0":{"start":{"line":2,"column":16},"end":{"line":10,"column":1}},"1":{"start":{"line":3,"column":28},"end":{"line":3,"column":110}},"2":{"start":{"line":3,"column":91},"end":{"line":3,"column":106}},"3":{"start":{"line":4,"column":4},"end":{"line":9,"column":7}},"4":{"start":{"line":5,"column":36},"end":{"line":5,"column":97}},"5":{"start":{"line":5,"column":42},"end":{"line":5,"column":70}},"6":{"start":{"line":5,"column":85},"end":{"line":5,"column":95}},"7":{"start":{"line":6,"column":35},"end":{"line":6,"column":100}},"8":{"start":{"line":6,"column":41},"end":{"line":6,"column":73}},"9":{"start":{"line":6,"column":88},"end":{"line":6,"column":98}},"10":{"start":{"line":7,"column":32},"end":{"line":7,"column":116}},"11":{"start":{"line":8,"column":8},"end":{"line":8,"column":78}},"12":{"start":{"line":11,"column":22},"end":{"line":13,"column":1}},"13":{"start":{"line":12,"column":4},"end":{"line":12,"column":62}},"14":{"start":{"line":14,"column":0},"end":{"line":14,"column":62}},"15":{"start":{"line":15,"column":18},"end":{"line":15,"column":53}},"16":{"start":{"line":16,"column":38},"end":{"line":16,"column":76}},"17":{"start":{"line":17,"column":27},"end":{"line":17,"column":74}},"18":{"start":{"line":18,"column":15},"end":{"line":18,"column":47}},"19":{"start":{"line":19,"column":27},"end":{"line":19,"column":71}},"20":{"start":{"line":20,"column":0},"end":{"line":91,"column":3}},"21":{"start":{"line":21,"column":20},"end":{"line":21,"column":66}},"22":{"start":{"line":22,"column":19},"end":{"line":22,"column":77}},"23":{"start":{"line":23,"column":19},"end":{"line":23,"column":40}},"24":{"start":{"line":24,"column":4},"end":{"line":24,"column":51}},"25":{"start":{"line":30,"column":20},"end":{"line":30,"column":53}},"26":{"start":{"line":31,"column":4},"end":{"line":44,"column":8}},"27":{"start":{"line":31,"column":39},"end":{"line":44,"column":6}},"28":{"start":{"line":32,"column":24},"end":{"line":32,"column":70}},"29":{"start":{"line":33,"column":8},"end":{"line":33,"column":92}},"30":{"start":{"line":36,"column":21},"end":{"line":36,"column":28}},"31":{"start":{"line":38,"column":8},"end":{"line":38,"column":60}},"32":{"start":{"line":39,"column":8},"end":{"line":39,"column":55}},"33":{"start":{"line":40,"column":8},"end":{"line":40,"column":62}},"34":{"start":{"line":41,"column":8},"end":{"line":41,"column":65}},"35":{"start":{"line":42,"column":8},"end":{"line":42,"column":62}},"36":{"start":{"line":45,"column":4},"end":{"line":54,"column":8}},"37":{"start":{"line":45,"column":29},"end":{"line":54,"column":6}},"38":{"start":{"line":46,"column":21},"end":{"line":46,"column":63}},"39":{"start":{"line":47,"column":8},"end":{"line":47,"column":83}},"40":{"start":{"line":48,"column":22},"end":{"line":48,"column":29}},"41":{"start":{"line":49,"column":8},"end":{"line":49,"column":104}},"42":{"start":{"line":50,"column":8},"end":{"line":50,"column":114}},"43":{"start":{"line":52,"column":8},"end":{"line":52,"column":65}},"44":{"start":{"line":53,"column":8},"end":{"line":53,"column":114}},"45":{"start":{"line":55,"column":4},"end":{"line":64,"column":8}},"46":{"start":{"line":55,"column":36},"end":{"line":64,"column":6}},"47":{"start":{"line":57,"column":25},"end":{"line":57,"column":67}},"48":{"start":{"line":58,"column":21},"end":{"line":58,"column":182}},"49":{"start":{"line":59,"column":8},"end":{"line":59,"column":52}},"50":{"start":{"line":60,"column":8},"end":{"line":60,"column":62}},"51":{"start":{"line":61,"column":8},"end":{"line":61,"column":54}},"52":{"start":{"line":62,"column":8},"end":{"line":62,"column":64}},"53":{"start":{"line":63,"column":8},"end":{"line":63,"column":63}},"54":{"start":{"line":78,"column":4},"end":{"line":84,"column":8}},"55":{"start":{"line":78,"column":45},"end":{"line":84,"column":6}},"56":{"start":{"line":79,"column":26},"end":{"line":79,"column":67}},"57":{"start":{"line":80,"column":8},"end":{"line":80,"column":62}},"58":{"start":{"line":81,"column":8},"end":{"line":81,"column":66}},"59":{"start":{"line":82,"column":8},"end":{"line":82,"column":79}},"60":{"start":{"line":83,"column":8},"end":{"line":83,"column":77}}},"fnMap":{"0":{"name":"(anonymous_0)","decl":{"start":{"line":2,"column":44},"end":{"line":2,"column":45}},"loc":{"start":{"line":2,"column":89},"end":{"line":10,"column":1}},"line":2},"1":{"name":"adopt","decl":{"start":{"line":3,"column":13},"end":{"line":3,"column":18}},"loc":{"start":{"line":3,"column":26},"end":{"line":3,"column":112}},"line":3},"2":{"name":"(anonymous_2)","decl":{"start":{"line":3,"column":70},"end":{"line":3,"column":71}},"loc":{"start":{"line":3,"column":89},"end":{"line":3,"column":108}},"line":3},"3":{"name":"(anonymous_3)","decl":{"start":{"line":4,"column":36},"end":{"line":4,"column":37}},"loc":{"start":{"line":4,"column":63},"end":{"line":9,"column":5}},"line":4},"4":{"name":"fulfilled","decl":{"start":{"line":5,"column":17},"end":{"line":5,"column":26}},"loc":{"start":{"line":5,"column":34},"end":{"line":5,"column":99}},"line":5},"5":{"name":"rejected","decl":{"start":{"line":6,"column":17},"end":{"line":6,"column":25}},"loc":{"start":{"line":6,"column":33},"end":{"line":6,"column":102}},"line":6},"6":{"name":"step","decl":{"start":{"line":7,"column":17},"end":{"line":7,"column":21}},"loc":{"start":{"line":7,"column":30},"end":{"line":7,"column":118}},"line":7},"7":{"name":"(anonymous_7)","decl":{"start":{"line":11,"column":56},"end":{"line":11,"column":57}},"loc":{"start":{"line":11,"column":71},"end":{"line":13,"column":1}},"line":11},"8":{"name":"(anonymous_8)","decl":{"start":{"line":20,"column":35},"end":{"line":20,"column":36}},"loc":{"start":{"line":20,"column":41},"end":{"line":91,"column":1}},"line":20},"9":{"name":"(anonymous_9)","decl":{"start":{"line":31,"column":33},"end":{"line":31,"column":34}},"loc":{"start":{"line":31,"column":39},"end":{"line":44,"column":6}},"line":31},"10":{"name":"(anonymous_10)","decl":{"start":{"line":31,"column":73},"end":{"line":31,"column":74}},"loc":{"start":{"line":31,"column":86},"end":{"line":44,"column":5}},"line":31},"11":{"name":"(anonymous_11)","decl":{"start":{"line":45,"column":23},"end":{"line":45,"column":24}},"loc":{"start":{"line":45,"column":29},"end":{"line":54,"column":6}},"line":45},"12":{"name":"(anonymous_12)","decl":{"start":{"line":45,"column":63},"end":{"line":45,"column":64}},"loc":{"start":{"line":45,"column":76},"end":{"line":54,"column":5}},"line":45},"13":{"name":"(anonymous_13)","decl":{"start":{"line":55,"column":30},"end":{"line":55,"column":31}},"loc":{"start":{"line":55,"column":36},"end":{"line":64,"column":6}},"line":55},"14":{"name":"(anonymous_14)","decl":{"start":{"line":55,"column":70},"end":{"line":55,"column":71}},"loc":{"start":{"line":55,"column":83},"end":{"line":64,"column":5}},"line":55},"15":{"name":"(anonymous_15)","decl":{"start":{"line":78,"column":39},"end":{"line":78,"column":40}},"loc":{"start":{"line":78,"column":45},"end":{"line":84,"column":6}},"line":78},"16":{"name":"(anonymous_16)","decl":{"start":{"line":78,"column":79},"end":{"line":78,"column":80}},"loc":{"start":{"line":78,"column":92},"end":{"line":84,"column":5}},"line":78}},"branchMap":{"0":{"loc":{"start":{"line":2,"column":16},"end":{"line":10,"column":1}},"type":"binary-expr","locations":[{"start":{"line":2,"column":17},"end":{"line":2,"column":21}},{"start":{"line":2,"column":25},"end":{"line":2,"column":39}},{"start":{"line":2,"column":44},"end":{"line":10,"column":1}}],"line":2},"1":{"loc":{"start":{"line":3,"column":35},"end":{"line":3,"column":109}},"type":"cond-expr","locations":[{"start":{"line":3,"column":56},"end":{"line":3,"column":61}},{"start":{"line":3,"column":64},"end":{"line":3,"column":109}}],"line":3},"2":{"loc":{"start":{"line":4,"column":16},"end":{"line":4,"column":34}},"type":"binary-expr","locations":[{"start":{"line":4,"column":16},"end":{"line":4,"column":17}},{"start":{"line":4,"column":22},"end":{"line":4,"column":33}}],"line":4},"3":{"loc":{"start":{"line":7,"column":32},"end":{"line":7,"column":115}},"type":"cond-expr","locations":[{"start":{"line":7,"column":46},"end":{"line":7,"column":67}},{"start":{"line":7,"column":70},"end":{"line":7,"column":115}}],"line":7},"4":{"loc":{"start":{"line":8,"column":51},"end":{"line":8,"column":67}},"type":"binary-expr","locations":[{"start":{"line":8,"column":51},"end":{"line":8,"column":61}},{"start":{"line":8,"column":65},"end":{"line":8,"column":67}}],"line":8},"5":{"loc":{"start":{"line":11,"column":22},"end":{"line":13,"column":1}},"type":"binary-expr","locations":[{"start":{"line":11,"column":23},"end":{"line":11,"column":27}},{"start":{"line":11,"column":31},"end":{"line":11,"column":51}},{"start":{"line":11,"column":56},"end":{"line":13,"column":1}}],"line":11},"6":{"loc":{"start":{"line":12,"column":11},"end":{"line":12,"column":61}},"type":"cond-expr","locations":[{"start":{"line":12,"column":37},"end":{"line":12,"column":40}},{"start":{"line":12,"column":43},"end":{"line":12,"column":61}}],"line":12},"7":{"loc":{"start":{"line":12,"column":12},"end":{"line":12,"column":33}},"type":"binary-expr","locations":[{"start":{"line":12,"column":12},"end":{"line":12,"column":15}},{"start":{"line":12,"column":19},"end":{"line":12,"column":33}}],"line":12},"8":{"loc":{"start":{"line":49,"column":15},"end":{"line":49,"column":69}},"type":"cond-expr","locations":[{"start":{"line":49,"column":52},"end":{"line":49,"column":58}},{"start":{"line":49,"column":61},"end":{"line":49,"column":69}}],"line":49},"9":{"loc":{"start":{"line":49,"column":15},"end":{"line":49,"column":49}},"type":"binary-expr","locations":[{"start":{"line":49,"column":15},"end":{"line":49,"column":29}},{"start":{"line":49,"column":33},"end":{"line":49,"column":49}}],"line":49},"10":{"loc":{"start":{"line":50,"column":15},"end":{"line":50,"column":74}},"type":"cond-expr","locations":[{"start":{"line":50,"column":52},"end":{"line":50,"column":58}},{"start":{"line":50,"column":61},"end":{"line":50,"column":74}}],"line":50},"11":{"loc":{"start":{"line":50,"column":15},"end":{"line":50,"column":49}},"type":"binary-expr","locations":[{"start":{"line":50,"column":15},"end":{"line":50,"column":29}},{"start":{"line":50,"column":33},"end":{"line":50,"column":49}}],"line":50},"12":{"loc":{"start":{"line":53,"column":15},"end":{"line":53,"column":74}},"type":"cond-expr","locations":[{"start":{"line":53,"column":52},"end":{"line":53,"column":58}},{"start":{"line":53,"column":61},"end":{"line":53,"column":74}}],"line":53},"13":{"loc":{"start":{"line":53,"column":15},"end":{"line":53,"column":49}},"type":"binary-expr","locations":[{"start":{"line":53,"column":15},"end":{"line":53,"column":29}},{"start":{"line":53,"column":33},"end":{"line":53,"column":49}}],"line":53},"14":{"loc":{"start":{"line":58,"column":70},"end":{"line":58,"column":181}},"type":"cond-expr","locations":[{"start":{"line":58,"column":167},"end":{"line":58,"column":169}},{"start":{"line":58,"column":172},"end":{"line":58,"column":181}}],"line":58},"15":{"loc":{"start":{"line":58,"column":70},"end":{"line":58,"column":164}},"type":"binary-expr","locations":[{"start":{"line":58,"column":70},"end":{"line":58,"column":147}},{"start":{"line":58,"column":151},"end":{"line":58,"column":164}}],"line":58},"16":{"loc":{"start":{"line":58,"column":76},"end":{"line":58,"column":137}},"type":"cond-expr","locations":[{"start":{"line":58,"column":123},"end":{"line":58,"column":129}},{"start":{"line":58,"column":132},"end":{"line":58,"column":137}}],"line":58},"17":{"loc":{"start":{"line":58,"column":76},"end":{"line":58,"column":120}},"type":"binary-expr","locations":[{"start":{"line":58,"column":76},"end":{"line":58,"column":103}},{"start":{"line":58,"column":107},"end":{"line":58,"column":120}}],"line":58}},"s":{"0":1,"1":5,"2":0,"3":4,"4":5,"5":5,"6":0,"7":0,"8":0,"9":0,"10":9,"11":4,"12":1,"13":3,"14":1,"15":1,"16":1,"17":1,"18":1,"19":1,"20":1,"21":1,"22":1,"23":1,"24":1,"25":1,"26":1,"27":1,"28":1,"29":1,"30":1,"31":1,"32":1,"33":1,"34":1,"35":1,"36":1,"37":1,"38":1,"39":1,"40":1,"41":1,"42":1,"43":1,"44":1,"45":1,"46":1,"47":1,"48":1,"49":1,"50":1,"51":1,"52":1,"53":1,"54":1,"55":1,"56":1,"57":1,"58":1,"59":1,"60":1},"f":{"0":4,"1":5,"2":0,"3":4,"4":5,"5":0,"6":9,"7":3,"8":1,"9":1,"10":1,"11":1,"12":1,"13":1,"14":1,"15":1,"16":1},"b":{"0":[1,1,1],"1":[5,0],"2":[4,4],"3":[4,5],"4":[4,4],"5":[1,1,1],"6":[0,3],"7":[3,3],"8":[0,1],"9":[1,1],"10":[0,1],"11":[1,1],"12":[0,1],"13":[1,1],"14":[1,0],"15":[1,1],"16":[0,1],"17":[1,1]},"inputSourceMap":{"version":3,"file":"D:\\ATOM-\\ATOM\\REACTJS\\extensions-viet\\src\\tests\\TruyentranhAudio.test.ts","sources":["D:\\ATOM-\\ATOM\\REACTJS\\extensions-viet\\src\\tests\\TruyentranhAudio.test.ts"],"names":[],"mappings":";;;;;;;;;;;;;;AAAA,sDAA6B;AAC7B,6EAE+C;AAC/C,2EAAuE;AACvE,gDAAuB;AACvB,wEAA6C;AAE7C,QAAQ,CAAC,wBAAwB,EAAE,GAAG,EAAE;IACpC,MAAM,OAAO,GAAe,IAAI,wCAAU,EAAE,CAAA;IAC5C,MAAM,MAAM,GAAW,IAAI,mCAAgB,CAAC,iBAAO,CAAC,CAAA;IACpD,MAAM,MAAM,GAAG,cAAI,CAAC,MAAM,CAAA;IAC1B,cAAI,CAAC,GAAG,CAAC,0BAAc,CAAC,CAAA;IAExB;;;;OAIG;IACH,MAAM,OAAO,GAAG,iCAAiC,CAAA;IAEjD,EAAE,CAAC,wBAAwB,EAAE,GAAS,EAAE;QACpC,MAAM,OAAO,GAAG,MAAM,OAAO,CAAC,eAAe,CAAC,MAAM,EAAE,OAAO,CAAC,CAAA;QAC9D,MAAM,CAAC,OAAO,EAAE,yCAAyC,GAAG,OAAO,GAAG,GAAG,CAAC,CAAC,EAAE,CAAC,KAAK,CAAA;QACnF,4DAA4D;QAE5D,sCAAsC;QACtC,MAAM,IAAI,GAAG,OAAO,CAAA;QACpB,gDAAgD;QAChD,MAAM,CAAC,IAAI,CAAC,KAAK,EAAE,eAAe,CAAC,CAAC,EAAE,CAAC,EAAE,CAAC,GAAG,CAAC,KAAK,CAAA;QACnD,MAAM,CAAC,IAAI,CAAC,MAAM,EAAE,gBAAgB,CAAC,CAAC,EAAE,CAAC,KAAK,CAAA;QAC9C,MAAM,CAAC,IAAI,CAAC,MAAM,EAAE,gBAAgB,CAAC,CAAC,EAAE,CAAC,EAAE,CAAC,GAAG,CAAC,KAAK,CAAA;QACrD,MAAM,CAAC,IAAI,CAAC,IAAI,EAAE,qBAAqB,CAAC,CAAC,EAAE,CAAC,EAAE,CAAC,GAAG,CAAC,KAAK,CAAA;QACxD,MAAM,CAAC,IAAI,CAAC,MAAM,EAAE,gBAAgB,CAAC,CAAC,EAAE,CAAC,EAAE,CAAC,GAAG,CAAC,KAAK,CAAA;QACrD,iDAAiD;IACrD,CAAC,CAAA,CAAC,CAAA;IAEF,EAAE,CAAC,cAAc,EAAE,GAAS,EAAE;QAC1B,MAAM,IAAI,GAAG,MAAM,OAAO,CAAC,WAAW,CAAC,MAAM,EAAE,OAAO,CAAC,CAAA;QAEvD,MAAM,CAAC,IAAI,EAAE,4BAA4B,GAAG,OAAO,GAAG,GAAG,CAAC,CAAC,EAAE,CAAC,GAAG,CAAC,EAAE,CAAC,KAAK,CAAA;QAE1E,MAAM,KAAK,GAAG,IAAI,CAAC,CAAC,CAAC,CAAA;QACrB,MAAM,CAAC,KAAK,aAAL,KAAK,uBAAL,KAAK,CAAE,EAAE,EAAE,eAAe,CAAC,CAAC,EAAE,CAAC,GAAG,CAAC,EAAE,CAAC,KAAK,CAAA;QAClD,MAAM,CAAC,KAAK,aAAL,KAAK,uBAAL,KAAK,CAAE,OAAO,EAAE,iBAAiB,CAAC,CAAC,EAAE,CAAC,EAAE,CAAC,GAAG,CAAC,OAAO,CAAC,CAAA;QAC5D,kDAAkD;QAClD,MAAM,CAAC,KAAK,CAAC,IAAI,EAAE,oBAAoB,CAAC,CAAC,EAAE,CAAC,GAAG,CAAC,EAAE,CAAC,KAAK,CAAA;QACxD,MAAM,CAAC,KAAK,aAAL,KAAK,uBAAL,KAAK,CAAE,OAAO,EAAE,2BAA2B,CAAC,CAAC,EAAE,CAAC,KAAK,CAAA;IAChE,CAAC,CAAA,CAAC,CAAA;IAEF,EAAE,CAAC,qBAAqB,EAAE,GAAS,EAAE;;QAEjC,MAAM,QAAQ,GAAG,MAAM,OAAO,CAAC,WAAW,CAAC,MAAM,EAAE,OAAO,CAAC,CAAA;QAC3D,MAAM,IAAI,GAAG,MAAM,OAAO,CAAC,iBAAiB,CAAC,MAAM,EAAE,OAAO,cAAE,QAAQ,CAAC,CAAC,CAAC,0CAAE,EAAE,mCAAI,SAAS,CAAC,CAAA;QAE3F,MAAM,CAAC,IAAI,EAAE,oBAAoB,CAAC,CAAC,EAAE,CAAC,KAAK,CAAA;QAC3C,MAAM,CAAC,IAAI,EAAE,uBAAuB,CAAC,CAAC,EAAE,CAAC,GAAG,CAAC,EAAE,CAAC,KAAK,CAAA;QAErD,MAAM,CAAC,IAAI,CAAC,EAAE,EAAE,YAAY,CAAC,CAAC,EAAE,CAAC,EAAE,CAAC,GAAG,CAAC,KAAK,CAAA;QAC7C,MAAM,CAAC,IAAI,CAAC,OAAO,EAAE,iBAAiB,CAAC,CAAC,EAAE,CAAC,EAAE,CAAC,GAAG,CAAC,KAAK,CAAA;QACvD,MAAM,CAAC,IAAI,CAAC,KAAK,EAAE,kBAAkB,CAAC,CAAC,EAAE,CAAC,EAAE,CAAC,GAAG,CAAC,KAAK,CAAA;IAC1D,CAAC,CAAA,CAAC,CAAA;IAEF,qCAAqC;IACrC,0CAA0C;IAC1C,kCAAkC;IAClC,yBAAyB;IACzB,QAAQ;IAER,kFAAkF;IAClF,uCAAuC;IAEvC,yDAAyD;IAEzD,yEAAyE;IACzE,yEAAyE;IACzE,uDAAuD;IACvD,sEAAsE;IACtE,KAAK;IAEL,EAAE,CAAC,8BAA8B,EAAE,GAAQ,EAAE;QACzC,MAAM,SAAS,GAAG,MAAM,OAAO,CAAC,mBAAmB,CAAC,MAAM,CAAC,CAAA;QAC3D,MAAM,CAAC,SAAS,EAAE,yBAAyB,CAAC,CAAC,EAAE,CAAC,KAAK,CAAA;QACrD,MAAM,CAAC,SAAS,CAAC,CAAC,CAAC,EAAE,0BAA0B,CAAC,CAAC,EAAE,CAAC,KAAK,CAAA;QACzD,MAAM,CAAC,SAAS,CAAC,CAAC,CAAC,EAAE,uCAAuC,CAAC,CAAC,EAAE,CAAC,KAAK,CAAA;QACtE,MAAM,CAAC,SAAS,CAAC,CAAC,CAAC,EAAE,qCAAqC,CAAC,CAAC,EAAE,CAAC,KAAK,CAAA;IACxE,CAAC,CAAA,CAAC,CAAA;IAEF,4CAA4C;IAC5C,kGAAkG;IAElG,qDAAqD;IACrD,+DAA+D;IAC/D,4DAA4D;IAC5D,KAAK;AACT,CAAC,CAAC,CAAA","sourcesContent":["import cheerio from 'cheerio'\r\nimport { APIWrapper,\r\n    SearchRequest,\r\n    Source } from 'paperback-extensions-common'\r\nimport { TruyentranhAudio } from '../TruyentranhAudio/TruyentranhAudio'\r\nimport chai from 'chai'\r\nimport chaiAsPromised from 'chai-as-promised'\r\n\r\ndescribe('TruyentranhAudio Tests', () => {\r\n    const wrapper: APIWrapper = new APIWrapper()\r\n    const source: Source = new TruyentranhAudio(cheerio)\r\n    const expect = chai.expect\r\n    chai.use(chaiAsPromised)\r\n\r\n    /**\r\n     * The Manga ID which this unit test uses to base it's details off of.\r\n     * Try to choose a manga which is updated frequently, so that the historical checking test can \r\n     * return proper results, as it is limited to searching 30 days back due to extremely long processing times otherwise.\r\n     */\r\n    const mangaId = 'truyen-vo-luyen-dinh-phong.html' \r\n\r\n    it('Retrieve Manga Details', async () => {\r\n        const details = await wrapper.getMangaDetails(source, mangaId)\r\n        expect(details, 'No results found with test-defined ID [' + mangaId + ']').to.exist\r\n        // expect(details..id, 'MangaId Changed').to.be.eql(mangaId)\r\n\r\n        // Validate that the fields are filled\r\n        const data = details\r\n        // expect(data.id, 'Missing ID').to.be.not.empty\r\n        expect(data.image, 'Missing Image').to.be.not.empty\r\n        expect(data.status, 'Missing Status').to.exist\r\n        expect(data.author, 'Missing Author').to.be.not.empty\r\n        expect(data.desc, 'Missing Description').to.be.not.empty\r\n        expect(data.titles, 'Missing Titles').to.be.not.empty\r\n        // expect(data.rating, 'Missing Rating').to.exist\r\n    })\r\n\r\n    it('Get Chapters', async () => {\r\n        const data = await wrapper.getChapters(source, mangaId)\r\n\r\n        expect(data, 'No chapters present for: [' + mangaId + ']').to.not.be.empty\r\n\r\n        const entry = data[0]\r\n        expect(entry?.id, 'No ID present').to.not.be.empty\r\n        expect(entry?.mangaId, 'MangaId Changed').to.be.eql(mangaId)\r\n        // expect(entry?.time, 'No date present').to.exist\r\n        expect(entry.name, \"No title available\").to.not.be.empty\r\n        expect(entry?.chapNum, 'No chapter number present').to.exist\r\n    })\r\n\r\n    it('Get Chapter Details', async () => {\r\n\r\n        const chapters = await wrapper.getChapters(source, mangaId)\r\n        const data = await wrapper.getChapterDetails(source, mangaId, chapters[0]?.id ?? 'unknown')\r\n\r\n        expect(data, 'No server response').to.exist\r\n        expect(data, 'Empty server response').to.not.be.empty\r\n\r\n        expect(data.id, 'Missing ID').to.be.not.empty\r\n        expect(data.mangaId, 'Missing MangaID').to.be.not.empty\r\n        expect(data.pages, 'No pages present').to.be.not.empty\r\n    })\r\n\r\n    // it('Testing search', async () => {\r\n    //     const testSearch: SearchRequest = {\r\n    //         title: 'Solo Leveling',\r\n    //         parameters: {}\r\n    //     }\r\n\r\n    //     const search = await wrapper.searchRequest(source, testSearch, {offset: 0})\r\n    //     const result = search.results[0]\r\n\r\n    //     expect(result, 'No response from server').to.exist\r\n\r\n    //     expect(result?.id, 'No ID found for search query').to.be.not.empty\r\n    //     expect(result?.image, 'No image found for search').to.be.not.empty\r\n    //     expect(result?.title, 'No title').to.be.not.null\r\n    //     expect(result?.subtitleText, 'No subtitle text').to.be.not.null\r\n    // })\r\n\r\n    it('Testing Home-Page aquisition', async() => {\r\n        const homePages = await wrapper.getHomePageSections(source)\r\n        expect(homePages, 'No response from server').to.exist\r\n        expect(homePages[0], 'No hot section available').to.exist\r\n        expect(homePages[1], 'No recently updated section available').to.exist\r\n        expect(homePages[2], 'No recently added section available').to.exist\r\n    })\r\n\r\n    // it('Testing Notifications', async () => {\r\n    //     const updates = await wrapper.filterUpdatedManga(source, new Date('2021-09-11'), [mangaId])\r\n\r\n    //     expect(updates, 'No server response').to.exist\r\n    //     expect(updates, 'Empty server response').to.not.be.empty\r\n    //     expect(updates[0]?.ids, 'No updates').to.not.be.empty\r\n    // })\r\n})"]},"_coverageSchema":"1a1c01bbd47fc00a2c39e90264f33305004495a9","hash":"37c4ddc1c7155044a6f6acc4d6965cab0954cf0e","contentHash":"c4a924069edceba74c926871f4042cc7a3a68fcdd6cc29b0dd5695ed62758cd4"},"D:\\ATOM-\\ATOM\\REACTJS\\extensions-viet\\src\\TruyentranhAudio\\TruyentranhAudio.ts":{"path":"D:\\ATOM-\\ATOM\\REACTJS\\extensions-viet\\src\\TruyentranhAudio\\TruyentranhAudio.ts","statementMap":{"0":{"start":{"line":2,"column":16},"end":{"line":10,"column":1}},"1":{"start":{"line":3,"column":28},"end":{"line":3,"column":110}},"2":{"start":{"line":3,"column":91},"end":{"line":3,"column":106}},"3":{"start":{"line":4,"column":4},"end":{"line":9,"column":7}},"4":{"start":{"line":5,"column":36},"end":{"line":5,"column":97}},"5":{"start":{"line":5,"column":42},"end":{"line":5,"column":70}},"6":{"start":{"line":5,"column":85},"end":{"line":5,"column":95}},"7":{"start":{"line":6,"column":35},"end":{"line":6,"column":100}},"8":{"start":{"line":6,"column":41},"end":{"line":6,"column":73}},"9":{"start":{"line":6,"column":88},"end":{"line":6,"column":98}},"10":{"start":{"line":7,"column":32},"end":{"line":7,"column":116}},"11":{"start":{"line":8,"column":8},"end":{"line":8,"column":78}},"12":{"start":{"line":11,"column":0},"end":{"line":11,"column":62}},"13":{"start":{"line":12,"column":0},"end":{"line":12,"column":65}},"14":{"start":{"line":13,"column":38},"end":{"line":13,"column":76}},"15":{"start":{"line":14,"column":33},"end":{"line":14,"column":68}},"16":{"start":{"line":15,"column":15},"end":{"line":15,"column":49}},"17":{"start":{"line":16,"column":15},"end":{"line":16,"column":20}},"18":{"start":{"line":17,"column":0},"end":{"line":32,"column":2}},"19":{"start":{"line":35,"column":8},"end":{"line":35,"column":28}},"20":{"start":{"line":36,"column":8},"end":{"line":39,"column":11}},"21":{"start":{"line":41,"column":32},"end":{"line":41,"column":61}},"22":{"start":{"line":45,"column":8},"end":{"line":85,"column":11}},"23":{"start":{"line":46,"column":28},"end":{"line":49,"column":14}},"24":{"start":{"line":50,"column":25},"end":{"line":50,"column":71}},"25":{"start":{"line":51,"column":20},"end":{"line":51,"column":48}},"26":{"start":{"line":52,"column":23},"end":{"line":52,"column":25}},"27":{"start":{"line":53,"column":27},"end":{"line":53,"column":29}},"28":{"start":{"line":54,"column":25},"end":{"line":54,"column":26}},"29":{"start":{"line":55,"column":23},"end":{"line":55,"column":55}},"30":{"start":{"line":56,"column":12},"end":{"line":64,"column":13}},"31":{"start":{"line":57,"column":30},"end":{"line":57,"column":48}},"32":{"start":{"line":58,"column":27},"end":{"line":58,"column":144}},"33":{"start":{"line":59,"column":16},"end":{"line":59,"column":59}},"34":{"start":{"line":60,"column":16},"end":{"line":63,"column":19}},"35":{"start":{"line":65,"column":26},"end":{"line":65,"column":113}},"36":{"start":{"line":66,"column":28},"end":{"line":66,"column":76}},"37":{"start":{"line":68,"column":12},"end":{"line":68,"column":42}},"38":{"start":{"line":69,"column":12},"end":{"line":69,"column":43}},"39":{"start":{"line":70,"column":12},"end":{"line":70,"column":66}},"40":{"start":{"line":71,"column":12},"end":{"line":71,"column":47}},"41":{"start":{"line":72,"column":12},"end":{"line":72,"column":32}},"42":{"start":{"line":73,"column":12},"end":{"line":73,"column":48}},"43":{"start":{"line":74,"column":12},"end":{"line":84,"column":15}},"44":{"start":{"line":88,"column":8},"end":{"line":109,"column":11}},"45":{"start":{"line":89,"column":28},"end":{"line":92,"column":14}},"46":{"start":{"line":93,"column":29},"end":{"line":93,"column":75}},"47":{"start":{"line":94,"column":22},"end":{"line":94,"column":54}},"48":{"start":{"line":95,"column":29},"end":{"line":95,"column":31}},"49":{"start":{"line":96,"column":20},"end":{"line":96,"column":21}},"50":{"start":{"line":97,"column":12},"end":{"line":107,"column":13}},"51":{"start":{"line":98,"column":30},"end":{"line":98,"column":90}},"52":{"start":{"line":99,"column":16},"end":{"line":99,"column":20}},"53":{"start":{"line":100,"column":16},"end":{"line":106,"column":20}},"54":{"start":{"line":108,"column":12},"end":{"line":108,"column":28}},"55":{"start":{"line":112,"column":8},"end":{"line":134,"column":11}},"56":{"start":{"line":113,"column":28},"end":{"line":116,"column":14}},"57":{"start":{"line":117,"column":29},"end":{"line":117,"column":75}},"58":{"start":{"line":118,"column":20},"end":{"line":118,"column":52}},"59":{"start":{"line":119,"column":26},"end":{"line":119,"column":28}},"60":{"start":{"line":120,"column":12},"end":{"line":125,"column":13}},"61":{"start":{"line":121,"column":16},"end":{"line":122,"column":29}},"62":{"start":{"line":122,"column":20},"end":{"line":122,"column":29}},"63":{"start":{"line":123,"column":27},"end":{"line":123,"column":57}},"64":{"start":{"line":124,"column":16},"end":{"line":124,"column":33}},"65":{"start":{"line":126,"column":12},"end":{"line":126,"column":31}},"66":{"start":{"line":127,"column":35},"end":{"line":132,"column":14}},"67":{"start":{"line":133,"column":12},"end":{"line":133,"column":34}},"68":{"start":{"line":138,"column":8},"end":{"line":237,"column":11}},"69":{"start":{"line":139,"column":22},"end":{"line":143,"column":14}},"70":{"start":{"line":144,"column":29},"end":{"line":148,"column":14}},"71":{"start":{"line":149,"column":27},"end":{"line":153,"column":14}},"72":{"start":{"line":155,"column":12},"end":{"line":155,"column":33}},"73":{"start":{"line":156,"column":12},"end":{"line":156,"column":40}},"74":{"start":{"line":157,"column":12},"end":{"line":157,"column":38}},"75":{"start":{"line":160,"column":26},"end":{"line":163,"column":14}},"76":{"start":{"line":164,"column":26},"end":{"line":164,"column":28}},"77":{"start":{"line":165,"column":23},"end":{"line":165,"column":69}},"78":{"start":{"line":166,"column":20},"end":{"line":166,"column":48}},"79":{"start":{"line":167,"column":12},"end":{"line":180,"column":13}},"80":{"start":{"line":168,"column":30},"end":{"line":168,"column":69}},"81":{"start":{"line":169,"column":27},"end":{"line":169,"column":70}},"82":{"start":{"line":170,"column":30},"end":{"line":170,"column":155}},"83":{"start":{"line":171,"column":27},"end":{"line":171,"column":89}},"84":{"start":{"line":172,"column":28},"end":{"line":172,"column":72}},"85":{"start":{"line":174,"column":16},"end":{"line":179,"column":20}},"86":{"start":{"line":181,"column":12},"end":{"line":181,"column":32}},"87":{"start":{"line":182,"column":12},"end":{"line":182,"column":33}},"88":{"start":{"line":184,"column":12},"end":{"line":187,"column":15}},"89":{"start":{"line":188,"column":34},"end":{"line":188,"column":36}},"90":{"start":{"line":189,"column":12},"end":{"line":189,"column":66}},"91":{"start":{"line":190,"column":12},"end":{"line":190,"column":45}},"92":{"start":{"line":191,"column":12},"end":{"line":207,"column":13}},"93":{"start":{"line":192,"column":30},"end":{"line":192,"column":69}},"94":{"start":{"line":193,"column":27},"end":{"line":193,"column":115}},"95":{"start":{"line":194,"column":30},"end":{"line":194,"column":104}},"96":{"start":{"line":195,"column":28},"end":{"line":195,"column":62}},"97":{"start":{"line":197,"column":16},"end":{"line":206,"column":20}},"98":{"start":{"line":208,"column":12},"end":{"line":208,"column":47}},"99":{"start":{"line":209,"column":12},"end":{"line":209,"column":40}},"100":{"start":{"line":211,"column":12},"end":{"line":214,"column":15}},"101":{"start":{"line":215,"column":30},"end":{"line":215,"column":32}},"102":{"start":{"line":216,"column":12},"end":{"line":216,"column":66}},"103":{"start":{"line":217,"column":12},"end":{"line":217,"column":45}},"104":{"start":{"line":218,"column":12},"end":{"line":234,"column":13}},"105":{"start":{"line":219,"column":30},"end":{"line":219,"column":69}},"106":{"start":{"line":220,"column":27},"end":{"line":220,"column":115}},"107":{"start":{"line":221,"column":30},"end":{"line":221,"column":104}},"108":{"start":{"line":222,"column":28},"end":{"line":222,"column":62}},"109":{"start":{"line":224,"column":16},"end":{"line":233,"column":20}},"110":{"start":{"line":235,"column":12},"end":{"line":235,"column":41}},"111":{"start":{"line":236,"column":12},"end":{"line":236,"column":38}},"112":{"start":{"line":241,"column":8},"end":{"line":265,"column":11}},"113":{"start":{"line":242,"column":23},"end":{"line":242,"column":130}},"114":{"start":{"line":243,"column":24},"end":{"line":243,"column":26}},"115":{"start":{"line":244,"column":22},"end":{"line":244,"column":24}},"116":{"start":{"line":245,"column":12},"end":{"line":251,"column":13}},"117":{"start":{"line":247,"column":20},"end":{"line":247,"column":86}},"118":{"start":{"line":248,"column":20},"end":{"line":248,"column":26}},"119":{"start":{"line":250,"column":20},"end":{"line":250,"column":80}},"120":{"start":{"line":252,"column":28},"end":{"line":256,"column":14}},"121":{"start":{"line":257,"column":29},"end":{"line":257,"column":75}},"122":{"start":{"line":258,"column":22},"end":{"line":258,"column":54}},"123":{"start":{"line":259,"column":26},"end":{"line":259,"column":67}},"124":{"start":{"line":260,"column":12},"end":{"line":260,"column":96}},"125":{"start":{"line":261,"column":12},"end":{"line":264,"column":15}},"126":{"start":{"line":269,"column":8},"end":{"line":315,"column":11}},"127":{"start":{"line":270,"column":23},"end":{"line":270,"column":130}},"128":{"start":{"line":271,"column":27},"end":{"line":277,"column":13}},"129":{"start":{"line":278,"column":25},"end":{"line":278,"column":152}},"130":{"start":{"line":278,"column":108},"end":{"line":278,"column":114}},"131":{"start":{"line":279,"column":29},"end":{"line":279,"column":31}},"132":{"start":{"line":280,"column":12},"end":{"line":300,"column":15}},"133":{"start":{"line":281,"column":16},"end":{"line":299,"column":17}},"134":{"start":{"line":282,"column":20},"end":{"line":282,"column":41}},"135":{"start":{"line":285,"column":20},"end":{"line":298,"column":21}},"136":{"start":{"line":287,"column":28},"end":{"line":287,"column":70}},"137":{"start":{"line":288,"column":28},"end":{"line":288,"column":34}},"138":{"start":{"line":290,"column":28},"end":{"line":290,"column":67}},"139":{"start":{"line":291,"column":28},"end":{"line":291,"column":34}},"140":{"start":{"line":293,"column":28},"end":{"line":293,"column":64}},"141":{"start":{"line":294,"column":28},"end":{"line":294,"column":34}},"142":{"start":{"line":296,"column":28},"end":{"line":296,"column":66}},"143":{"start":{"line":297,"column":28},"end":{"line":297,"column":34}},"144":{"start":{"line":301,"column":12},"end":{"line":301,"column":99}},"145":{"start":{"line":302,"column":28},"end":{"line":306,"column":14}},"146":{"start":{"line":307,"column":25},"end":{"line":307,"column":71}},"147":{"start":{"line":308,"column":20},"end":{"line":308,"column":48}},"148":{"start":{"line":309,"column":26},"end":{"line":309,"column":65}},"149":{"start":{"line":310,"column":12},"end":{"line":310,"column":96}},"150":{"start":{"line":311,"column":12},"end":{"line":314,"column":15}},"151":{"start":{"line":375,"column":8},"end":{"line":377,"column":10}},"152":{"start":{"line":380,"column":0},"end":{"line":380,"column":44}}},"fnMap":{"0":{"name":"(anonymous_0)","decl":{"start":{"line":2,"column":44},"end":{"line":2,"column":45}},"loc":{"start":{"line":2,"column":89},"end":{"line":10,"column":1}},"line":2},"1":{"name":"adopt","decl":{"start":{"line":3,"column":13},"end":{"line":3,"column":18}},"loc":{"start":{"line":3,"column":26},"end":{"line":3,"column":112}},"line":3},"2":{"name":"(anonymous_2)","decl":{"start":{"line":3,"column":70},"end":{"line":3,"column":71}},"loc":{"start":{"line":3,"column":89},"end":{"line":3,"column":108}},"line":3},"3":{"name":"(anonymous_3)","decl":{"start":{"line":4,"column":36},"end":{"line":4,"column":37}},"loc":{"start":{"line":4,"column":63},"end":{"line":9,"column":5}},"line":4},"4":{"name":"fulfilled","decl":{"start":{"line":5,"column":17},"end":{"line":5,"column":26}},"loc":{"start":{"line":5,"column":34},"end":{"line":5,"column":99}},"line":5},"5":{"name":"rejected","decl":{"start":{"line":6,"column":17},"end":{"line":6,"column":25}},"loc":{"start":{"line":6,"column":33},"end":{"line":6,"column":102}},"line":6},"6":{"name":"step","decl":{"start":{"line":7,"column":17},"end":{"line":7,"column":21}},"loc":{"start":{"line":7,"column":30},"end":{"line":7,"column":118}},"line":7},"7":{"name":"(anonymous_7)","decl":{"start":{"line":34,"column":4},"end":{"line":34,"column":5}},"loc":{"start":{"line":34,"column":18},"end":{"line":40,"column":5}},"line":34},"8":{"name":"(anonymous_8)","decl":{"start":{"line":41,"column":4},"end":{"line":41,"column":5}},"loc":{"start":{"line":41,"column":30},"end":{"line":41,"column":63}},"line":41},"9":{"name":"(anonymous_9)","decl":{"start":{"line":43,"column":4},"end":{"line":43,"column":5}},"loc":{"start":{"line":43,"column":29},"end":{"line":86,"column":5}},"line":43},"10":{"name":"(anonymous_10)","decl":{"start":{"line":45,"column":47},"end":{"line":45,"column":48}},"loc":{"start":{"line":45,"column":60},"end":{"line":85,"column":9}},"line":45},"11":{"name":"(anonymous_11)","decl":{"start":{"line":87,"column":4},"end":{"line":87,"column":5}},"loc":{"start":{"line":87,"column":25},"end":{"line":110,"column":5}},"line":87},"12":{"name":"(anonymous_12)","decl":{"start":{"line":88,"column":47},"end":{"line":88,"column":48}},"loc":{"start":{"line":88,"column":60},"end":{"line":109,"column":9}},"line":88},"13":{"name":"(anonymous_13)","decl":{"start":{"line":111,"column":4},"end":{"line":111,"column":5}},"loc":{"start":{"line":111,"column":42},"end":{"line":135,"column":5}},"line":111},"14":{"name":"(anonymous_14)","decl":{"start":{"line":112,"column":47},"end":{"line":112,"column":48}},"loc":{"start":{"line":112,"column":60},"end":{"line":134,"column":9}},"line":112},"15":{"name":"(anonymous_15)","decl":{"start":{"line":136,"column":4},"end":{"line":136,"column":5}},"loc":{"start":{"line":136,"column":41},"end":{"line":238,"column":5}},"line":136},"16":{"name":"(anonymous_16)","decl":{"start":{"line":138,"column":47},"end":{"line":138,"column":48}},"loc":{"start":{"line":138,"column":60},"end":{"line":237,"column":9}},"line":138},"17":{"name":"(anonymous_17)","decl":{"start":{"line":239,"column":4},"end":{"line":239,"column":5}},"loc":{"start":{"line":239,"column":50},"end":{"line":266,"column":5}},"line":239},"18":{"name":"(anonymous_18)","decl":{"start":{"line":241,"column":47},"end":{"line":241,"column":48}},"loc":{"start":{"line":241,"column":60},"end":{"line":265,"column":9}},"line":241},"19":{"name":"(anonymous_19)","decl":{"start":{"line":267,"column":4},"end":{"line":267,"column":5}},"loc":{"start":{"line":267,"column":38},"end":{"line":316,"column":5}},"line":267},"20":{"name":"(anonymous_20)","decl":{"start":{"line":269,"column":47},"end":{"line":269,"column":48}},"loc":{"start":{"line":269,"column":60},"end":{"line":315,"column":9}},"line":269},"21":{"name":"(anonymous_21)","decl":{"start":{"line":278,"column":101},"end":{"line":278,"column":102}},"loc":{"start":{"line":278,"column":108},"end":{"line":278,"column":114}},"line":278},"22":{"name":"(anonymous_22)","decl":{"start":{"line":280,"column":21},"end":{"line":280,"column":22}},"loc":{"start":{"line":280,"column":32},"end":{"line":300,"column":13}},"line":280},"23":{"name":"(anonymous_23)","decl":{"start":{"line":374,"column":4},"end":{"line":374,"column":5}},"loc":{"start":{"line":374,"column":27},"end":{"line":378,"column":5}},"line":374}},"branchMap":{"0":{"loc":{"start":{"line":2,"column":16},"end":{"line":10,"column":1}},"type":"binary-expr","locations":[{"start":{"line":2,"column":17},"end":{"line":2,"column":21}},{"start":{"line":2,"column":25},"end":{"line":2,"column":39}},{"start":{"line":2,"column":44},"end":{"line":10,"column":1}}],"line":2},"1":{"loc":{"start":{"line":3,"column":35},"end":{"line":3,"column":109}},"type":"cond-expr","locations":[{"start":{"line":3,"column":56},"end":{"line":3,"column":61}},{"start":{"line":3,"column":64},"end":{"line":3,"column":109}}],"line":3},"2":{"loc":{"start":{"line":4,"column":16},"end":{"line":4,"column":34}},"type":"binary-expr","locations":[{"start":{"line":4,"column":16},"end":{"line":4,"column":17}},{"start":{"line":4,"column":22},"end":{"line":4,"column":33}}],"line":4},"3":{"loc":{"start":{"line":7,"column":32},"end":{"line":7,"column":115}},"type":"cond-expr","locations":[{"start":{"line":7,"column":46},"end":{"line":7,"column":67}},{"start":{"line":7,"column":70},"end":{"line":7,"column":115}}],"line":7},"4":{"loc":{"start":{"line":8,"column":51},"end":{"line":8,"column":67}},"type":"binary-expr","locations":[{"start":{"line":8,"column":51},"end":{"line":8,"column":61}},{"start":{"line":8,"column":65},"end":{"line":8,"column":67}}],"line":8},"5":{"loc":{"start":{"line":58,"column":27},"end":{"line":58,"column":144}},"type":"cond-expr","locations":[{"start":{"line":58,"column":134},"end":{"line":58,"column":136}},{"start":{"line":58,"column":139},"end":{"line":58,"column":144}}],"line":58},"6":{"loc":{"start":{"line":58,"column":27},"end":{"line":58,"column":131}},"type":"binary-expr","locations":[{"start":{"line":58,"column":27},"end":{"line":58,"column":114}},{"start":{"line":58,"column":118},"end":{"line":58,"column":131}}],"line":58},"7":{"loc":{"start":{"line":58,"column":33},"end":{"line":58,"column":104}},"type":"cond-expr","locations":[{"start":{"line":58,"column":86},"end":{"line":58,"column":92}},{"start":{"line":58,"column":95},"end":{"line":58,"column":104}}],"line":58},"8":{"loc":{"start":{"line":58,"column":33},"end":{"line":58,"column":83}},"type":"binary-expr","locations":[{"start":{"line":58,"column":33},"end":{"line":58,"column":66}},{"start":{"line":58,"column":70},"end":{"line":58,"column":83}}],"line":58},"9":{"loc":{"start":{"line":65,"column":26},"end":{"line":65,"column":113}},"type":"cond-expr","locations":[{"start":{"line":65,"column":102},"end":{"line":65,"column":104}},{"start":{"line":65,"column":107},"end":{"line":65,"column":113}}],"line":65},"10":{"loc":{"start":{"line":65,"column":26},"end":{"line":65,"column":99}},"type":"binary-expr","locations":[{"start":{"line":65,"column":26},"end":{"line":65,"column":82}},{"start":{"line":65,"column":86},"end":{"line":65,"column":99}}],"line":65},"11":{"loc":{"start":{"line":102,"column":29},"end":{"line":102,"column":57}},"type":"cond-expr","locations":[{"start":{"line":102,"column":46},"end":{"line":102,"column":47}},{"start":{"line":102,"column":50},"end":{"line":102,"column":57}}],"line":102},"12":{"loc":{"start":{"line":121,"column":16},"end":{"line":122,"column":29}},"type":"if","locations":[{"start":{"line":121,"column":16},"end":{"line":122,"column":29}},{"start":{"line":121,"column":16},"end":{"line":122,"column":29}}],"line":121},"13":{"loc":{"start":{"line":170,"column":30},"end":{"line":170,"column":155}},"type":"cond-expr","locations":[{"start":{"line":170,"column":148},"end":{"line":170,"column":150}},{"start":{"line":170,"column":153},"end":{"line":170,"column":155}}],"line":170},"14":{"loc":{"start":{"line":170,"column":30},"end":{"line":170,"column":145}},"type":"binary-expr","locations":[{"start":{"line":170,"column":30},"end":{"line":170,"column":128}},{"start":{"line":170,"column":132},"end":{"line":170,"column":145}}],"line":170},"15":{"loc":{"start":{"line":176,"column":27},"end":{"line":176,"column":113}},"type":"cond-expr","locations":[{"start":{"line":176,"column":92},"end":{"line":176,"column":94}},{"start":{"line":176,"column":99},"end":{"line":176,"column":112}}],"line":176},"16":{"loc":{"start":{"line":176,"column":28},"end":{"line":176,"column":87}},"type":"cond-expr","locations":[{"start":{"line":176,"column":59},"end":{"line":176,"column":65}},{"start":{"line":176,"column":68},"end":{"line":176,"column":87}}],"line":176},"17":{"loc":{"start":{"line":176,"column":28},"end":{"line":176,"column":56}},"type":"binary-expr","locations":[{"start":{"line":176,"column":28},"end":{"line":176,"column":39}},{"start":{"line":176,"column":43},"end":{"line":176,"column":56}}],"line":176},"18":{"loc":{"start":{"line":193,"column":27},"end":{"line":193,"column":115}},"type":"cond-expr","locations":[{"start":{"line":193,"column":105},"end":{"line":193,"column":107}},{"start":{"line":193,"column":110},"end":{"line":193,"column":115}}],"line":193},"19":{"loc":{"start":{"line":193,"column":27},"end":{"line":193,"column":102}},"type":"binary-expr","locations":[{"start":{"line":193,"column":27},"end":{"line":193,"column":85}},{"start":{"line":193,"column":89},"end":{"line":193,"column":102}}],"line":193},"20":{"loc":{"start":{"line":199,"column":27},"end":{"line":199,"column":128}},"type":"cond-expr","locations":[{"start":{"line":199,"column":101},"end":{"line":199,"column":106}},{"start":{"line":199,"column":111},"end":{"line":199,"column":127}}],"line":199},"21":{"loc":{"start":{"line":199,"column":28},"end":{"line":199,"column":96}},"type":"cond-expr","locations":[{"start":{"line":199,"column":65},"end":{"line":199,"column":71}},{"start":{"line":199,"column":74},"end":{"line":199,"column":96}}],"line":199},"22":{"loc":{"start":{"line":199,"column":28},"end":{"line":199,"column":62}},"type":"binary-expr","locations":[{"start":{"line":199,"column":28},"end":{"line":199,"column":42}},{"start":{"line":199,"column":46},"end":{"line":199,"column":62}}],"line":199},"23":{"loc":{"start":{"line":220,"column":27},"end":{"line":220,"column":115}},"type":"cond-expr","locations":[{"start":{"line":220,"column":105},"end":{"line":220,"column":107}},{"start":{"line":220,"column":110},"end":{"line":220,"column":115}}],"line":220},"24":{"loc":{"start":{"line":220,"column":27},"end":{"line":220,"column":102}},"type":"binary-expr","locations":[{"start":{"line":220,"column":27},"end":{"line":220,"column":85}},{"start":{"line":220,"column":89},"end":{"line":220,"column":102}}],"line":220},"25":{"loc":{"start":{"line":226,"column":27},"end":{"line":226,"column":128}},"type":"cond-expr","locations":[{"start":{"line":226,"column":101},"end":{"line":226,"column":106}},{"start":{"line":226,"column":111},"end":{"line":226,"column":127}}],"line":226},"26":{"loc":{"start":{"line":226,"column":28},"end":{"line":226,"column":96}},"type":"cond-expr","locations":[{"start":{"line":226,"column":65},"end":{"line":226,"column":71}},{"start":{"line":226,"column":74},"end":{"line":226,"column":96}}],"line":226},"27":{"loc":{"start":{"line":226,"column":28},"end":{"line":226,"column":62}},"type":"binary-expr","locations":[{"start":{"line":226,"column":28},"end":{"line":226,"column":42}},{"start":{"line":226,"column":46},"end":{"line":226,"column":62}}],"line":226},"28":{"loc":{"start":{"line":242,"column":23},"end":{"line":242,"column":130}},"type":"cond-expr","locations":[{"start":{"line":242,"column":124},"end":{"line":242,"column":126}},{"start":{"line":242,"column":129},"end":{"line":242,"column":130}}],"line":242},"29":{"loc":{"start":{"line":242,"column":23},"end":{"line":242,"column":121}},"type":"binary-expr","locations":[{"start":{"line":242,"column":23},"end":{"line":242,"column":104}},{"start":{"line":242,"column":108},"end":{"line":242,"column":121}}],"line":242},"30":{"loc":{"start":{"line":242,"column":29},"end":{"line":242,"column":94}},"type":"cond-expr","locations":[{"start":{"line":242,"column":72},"end":{"line":242,"column":78}},{"start":{"line":242,"column":81},"end":{"line":242,"column":94}}],"line":242},"31":{"loc":{"start":{"line":242,"column":29},"end":{"line":242,"column":69}},"type":"binary-expr","locations":[{"start":{"line":242,"column":29},"end":{"line":242,"column":46}},{"start":{"line":242,"column":50},"end":{"line":242,"column":69}}],"line":242},"32":{"loc":{"start":{"line":245,"column":12},"end":{"line":251,"column":13}},"type":"switch","locations":[{"start":{"line":246,"column":16},"end":{"line":248,"column":26}},{"start":{"line":249,"column":16},"end":{"line":250,"column":80}}],"line":245},"33":{"loc":{"start":{"line":260,"column":23},"end":{"line":260,"column":95}},"type":"cond-expr","locations":[{"start":{"line":260,"column":65},"end":{"line":260,"column":83}},{"start":{"line":260,"column":86},"end":{"line":260,"column":95}}],"line":260},"34":{"loc":{"start":{"line":270,"column":23},"end":{"line":270,"column":130}},"type":"cond-expr","locations":[{"start":{"line":270,"column":124},"end":{"line":270,"column":126}},{"start":{"line":270,"column":129},"end":{"line":270,"column":130}}],"line":270},"35":{"loc":{"start":{"line":270,"column":23},"end":{"line":270,"column":121}},"type":"binary-expr","locations":[{"start":{"line":270,"column":23},"end":{"line":270,"column":104}},{"start":{"line":270,"column":108},"end":{"line":270,"column":121}}],"line":270},"36":{"loc":{"start":{"line":270,"column":29},"end":{"line":270,"column":94}},"type":"cond-expr","locations":[{"start":{"line":270,"column":72},"end":{"line":270,"column":78}},{"start":{"line":270,"column":81},"end":{"line":270,"column":94}}],"line":270},"37":{"loc":{"start":{"line":270,"column":29},"end":{"line":270,"column":69}},"type":"binary-expr","locations":[{"start":{"line":270,"column":29},"end":{"line":270,"column":46}},{"start":{"line":270,"column":50},"end":{"line":270,"column":69}}],"line":270},"38":{"loc":{"start":{"line":278,"column":25},"end":{"line":278,"column":152}},"type":"cond-expr","locations":[{"start":{"line":278,"column":145},"end":{"line":278,"column":147}},{"start":{"line":278,"column":150},"end":{"line":278,"column":152}}],"line":278},"39":{"loc":{"start":{"line":278,"column":25},"end":{"line":278,"column":142}},"type":"binary-expr","locations":[{"start":{"line":278,"column":25},"end":{"line":278,"column":125}},{"start":{"line":278,"column":129},"end":{"line":278,"column":142}}],"line":278},"40":{"loc":{"start":{"line":278,"column":31},"end":{"line":278,"column":115}},"type":"cond-expr","locations":[{"start":{"line":278,"column":85},"end":{"line":278,"column":91}},{"start":{"line":278,"column":94},"end":{"line":278,"column":115}}],"line":278},"41":{"loc":{"start":{"line":278,"column":31},"end":{"line":278,"column":82}},"type":"binary-expr","locations":[{"start":{"line":278,"column":31},"end":{"line":278,"column":65}},{"start":{"line":278,"column":69},"end":{"line":278,"column":82}}],"line":278},"42":{"loc":{"start":{"line":281,"column":16},"end":{"line":299,"column":17}},"type":"if","locations":[{"start":{"line":281,"column":16},"end":{"line":299,"column":17}},{"start":{"line":281,"column":16},"end":{"line":299,"column":17}}],"line":281},"43":{"loc":{"start":{"line":285,"column":20},"end":{"line":298,"column":21}},"type":"switch","locations":[{"start":{"line":286,"column":24},"end":{"line":288,"column":34}},{"start":{"line":289,"column":24},"end":{"line":291,"column":34}},{"start":{"line":292,"column":24},"end":{"line":294,"column":34}},{"start":{"line":295,"column":24},"end":{"line":297,"column":34}}],"line":285},"44":{"loc":{"start":{"line":301,"column":31},"end":{"line":301,"column":87}},"type":"cond-expr","locations":[{"start":{"line":301,"column":74},"end":{"line":301,"column":82}},{"start":{"line":301,"column":85},"end":{"line":301,"column":87}}],"line":301},"45":{"loc":{"start":{"line":301,"column":31},"end":{"line":301,"column":71}},"type":"binary-expr","locations":[{"start":{"line":301,"column":31},"end":{"line":301,"column":48}},{"start":{"line":301,"column":52},"end":{"line":301,"column":71}}],"line":301},"46":{"loc":{"start":{"line":303,"column":21},"end":{"line":303,"column":123}},"type":"cond-expr","locations":[{"start":{"line":303,"column":35},"end":{"line":303,"column":73}},{"start":{"line":303,"column":76},"end":{"line":303,"column":123}}],"line":303},"47":{"loc":{"start":{"line":305,"column":39},"end":{"line":305,"column":93}},"type":"cond-expr","locations":[{"start":{"line":305,"column":86},"end":{"line":305,"column":88}},{"start":{"line":305,"column":91},"end":{"line":305,"column":93}}],"line":305},"48":{"loc":{"start":{"line":305,"column":39},"end":{"line":305,"column":83}},"type":"binary-expr","locations":[{"start":{"line":305,"column":39},"end":{"line":305,"column":66}},{"start":{"line":305,"column":70},"end":{"line":305,"column":83}}],"line":305},"49":{"loc":{"start":{"line":310,"column":23},"end":{"line":310,"column":95}},"type":"cond-expr","locations":[{"start":{"line":310,"column":65},"end":{"line":310,"column":83}},{"start":{"line":310,"column":86},"end":{"line":310,"column":95}}],"line":310}},"s":{"0":1,"1":7,"2":0,"3":5,"4":7,"5":7,"6":0,"7":0,"8":0,"9":0,"10":12,"11":5,"12":1,"13":1,"14":1,"15":1,"16":1,"17":1,"18":1,"19":1,"20":1,"21":0,"22":1,"23":1,"24":1,"25":1,"26":1,"27":1,"28":1,"29":1,"30":1,"31":7,"32":7,"33":7,"34":7,"35":1,"36":1,"37":1,"38":1,"39":1,"40":1,"41":1,"42":1,"43":1,"44":2,"45":2,"46":2,"47":2,"48":2,"49":2,"50":2,"51":3036,"52":3036,"53":3036,"54":2,"55":1,"56":1,"57":1,"58":1,"59":1,"60":1,"61":19,"62":2,"63":17,"64":17,"65":1,"66":1,"67":1,"68":1,"69":1,"70":1,"71":1,"72":1,"73":1,"74":1,"75":1,"76":1,"77":1,"78":1,"79":1,"80":9,"81":9,"82":9,"83":9,"84":9,"85":9,"86":1,"87":1,"88":1,"89":1,"90":1,"91":1,"92":1,"93":27,"94":27,"95":27,"96":27,"97":27,"98":1,"99":1,"100":1,"101":1,"102":1,"103":1,"104":1,"105":7,"106":7,"107":7,"108":7,"109":7,"110":1,"111":1,"112":0,"113":0,"114":0,"115":0,"116":0,"117":0,"118":0,"119":0,"120":0,"121":0,"122":0,"123":0,"124":0,"125":0,"126":0,"127":0,"128":0,"129":0,"130":0,"131":0,"132":0,"133":0,"134":0,"135":0,"136":0,"137":0,"138":0,"139":0,"140":0,"141":0,"142":0,"143":0,"144":0,"145":0,"146":0,"147":0,"148":0,"149":0,"150":0,"151":0,"152":1},"f":{"0":5,"1":7,"2":0,"3":5,"4":7,"5":0,"6":12,"7":1,"8":0,"9":1,"10":1,"11":2,"12":2,"13":1,"14":1,"15":1,"16":1,"17":0,"18":0,"19":0,"20":0,"21":0,"22":0,"23":0},"b":{"0":[1,1,1],"1":[7,0],"2":[5,5],"3":[5,7],"4":[5,5],"5":[7,0],"6":[7,7],"7":[0,7],"8":[7,7],"9":[0,1],"10":[1,1],"11":[2,3034],"12":[2,17],"13":[9,0],"14":[9,9],"15":[8,1],"16":[0,9],"17":[9,9],"18":[27,0],"19":[27,27],"20":[20,7],"21":[0,27],"22":[27,27],"23":[7,0],"24":[7,7],"25":[7,0],"26":[0,7],"27":[7,7],"28":[0,0],"29":[0,0],"30":[0,0],"31":[0,0],"32":[0,0],"33":[0,0],"34":[0,0],"35":[0,0],"36":[0,0],"37":[0,0],"38":[0,0],"39":[0,0],"40":[0,0],"41":[0,0],"42":[0,0],"43":[0,0,0,0],"44":[0,0],"45":[0,0],"46":[0,0],"47":[0,0],"48":[0,0],"49":[0,0]},"inputSourceMap":{"version":3,"file":"D:\\ATOM-\\ATOM\\REACTJS\\extensions-viet\\src\\TruyentranhAudio\\TruyentranhAudio.ts","sources":["D:\\ATOM-\\ATOM\\REACTJS\\extensions-viet\\src\\TruyentranhAudio\\TruyentranhAudio.ts"],"names":[],"mappings":";;;;;;;;;;;;AAAA,6EAiBoC;AAEpC,qEAAiF;AAEjF,MAAM,MAAM,GAAG,kCAAkC,CAAA;AACjD,MAAM,MAAM,GAAG,KAAK,CAAA;AAEP,QAAA,oBAAoB,GAAe;IAC5C,OAAO,EAAE,OAAO;IAChB,IAAI,EAAE,kBAAkB;IACxB,IAAI,EAAE,UAAU;IAChB,MAAM,EAAE,WAAW;IACnB,aAAa,EAAE,kCAAkC;IACjD,WAAW,EAAE,kDAAkD;IAC/D,cAAc,EAAE,GAAG,MAAM,EAAE;IAC3B,aAAa,EAAE,2CAAa,CAAC,MAAM;IACnC,UAAU,EAAE;QACR;YACI,IAAI,EAAE,aAAa;YACnB,IAAI,EAAE,qCAAO,CAAC,IAAI;SACrB;KACJ;CACJ,CAAA;AAED,MAAa,gBAAiB,SAAQ,oCAAM;IAA5C;;QAEI,mBAAc,GAAG,oBAAoB,CAAC;YAClC,iBAAiB,EAAE,CAAC;YACpB,cAAc,EAAE,KAAK;SACxB,CAAC,CAAA;IA2VN,CAAC;IA/VG,gBAAgB,CAAC,OAAe,IAAY,OAAO,GAAG,MAAM,GAAG,OAAO,EAAE,CAAA,CAAC,CAAC;IAAA,CAAC;IAMrE,eAAe,CAAC,OAAe;;;YACjC,MAAM,OAAO,GAAG,mBAAmB,CAAC;gBAChC,GAAG,EAAE,MAAM,GAAG,OAAO;gBACrB,MAAM,EAAE,KAAK;aAChB,CAAC,CAAC;YACH,MAAM,IAAI,GAAG,MAAM,IAAI,CAAC,cAAc,CAAC,QAAQ,CAAC,OAAO,EAAE,CAAC,CAAC,CAAC;YAC5D,IAAI,CAAC,GAAG,IAAI,CAAC,OAAO,CAAC,IAAI,CAAC,IAAI,CAAC,IAAI,CAAC,CAAC;YACrC,IAAI,IAAI,GAAU,EAAE,CAAC;YACrB,MAAM,MAAM,GAAG,EAAE,CAAC;YAClB,IAAI,MAAM,GAAG,CAAC,CAAC;YACf,IAAI,IAAI,GAAG,CAAC,CAAC,sBAAsB,CAAC,CAAC,IAAI,EAAE,CAAC;YAC5C,KAAK,MAAM,CAAC,IAAI,CAAC,CAAC,GAAG,EAAE,iCAAiC,CAAC,CAAC,OAAO,EAAE,EAAE;gBACjE,MAAM,KAAK,GAAG,CAAC,CAAC,CAAC,CAAC,CAAC,IAAI,EAAE,CAAC,IAAI,EAAE,CAAA;gBAChC,MAAM,EAAE,eAAG,CAAC,CAAC,CAAC,CAAC,CAAC,IAAI,CAAC,MAAM,CAAC,0CAAE,IAAI,qCAAM,KAAK,CAAA;gBAC7C,IAAI,CAAC,IAAI,CAAC,SAAS,CAAC,EAAE,KAAK,EAAE,KAAK,EAAE,EAAE,EAAE,CAAC,CAAC,CAAC;gBAC3C,MAAM,CAAC,IAAI,CACP;oBACI,KAAK,EAAE,KAAK;oBACZ,EAAE;iBACL,CACJ,CAAC;aACL;YACD,MAAM,KAAK,SAAG,CAAC,CAAC,yBAAyB,CAAC,CAAC,IAAI,CAAC,KAAK,CAAC,mCAAI,MAAM,CAAC;YACjE,MAAM,OAAO,GAAG,CAAC,CAAC,GAAG,EAAE,iCAAiC,CAAC,CAAC,IAAI,EAAE,CAAC;YAEjE,KAAK;YACL,OAAO,CAAC,GAAG,CAAC,MAAM,GAAG,OAAO,CAAC,CAAC;YAC9B,OAAO,CAAC,GAAG,CAAC,SAAS,GAAG,KAAK,CAAC,CAAC;YAC/B,OAAO,CAAC,GAAG,CAAC,SAAS,GAAG,CAAC,CAAC,kBAAkB,CAAC,CAAC,IAAI,EAAE,CAAC,CAAC;YACtD,OAAO,CAAC,GAAG,CAAC,WAAW,GAAG,OAAO,CAAC,CAAC;YACnC,OAAO,CAAC,GAAG,CAAC,MAAM,CAAC,CAAC;YACpB,OAAO,CAAC,GAAG,CAAC,QAAQ,GAAG,IAAI,GAAG,IAAI,CAAC,CAAC;YAEpC,OAAO,WAAW,CAAC;gBACf,EAAE,EAAE,OAAO;gBACX,MAAM,EAAE,OAAO;gBACf,MAAM,EAAE,OAAO;gBACf,IAAI;gBACJ,MAAM,EAAE,CAAC,CAAC,CAAC,kBAAkB,CAAC,CAAC,IAAI,EAAE,CAAC;gBACtC,KAAK,EAAE,KAAK;gBACZ,MAAM;gBACN,MAAM,EAAE,KAAK;gBACb,IAAI,EAAE,CAAC,gBAAgB,CAAC,EAAE,KAAK,EAAE,QAAQ,EAAE,IAAI,EAAE,IAAI,EAAE,EAAE,EAAE,GAAG,EAAE,CAAC,CAAC;aACrE,CAAC,CAAC;;KAEN;IACK,WAAW,CAAC,OAAe;;YAC7B,MAAM,OAAO,GAAG,mBAAmB,CAAC;gBAChC,GAAG,EAAE,MAAM,GAAG,OAAO;gBACrB,MAAM;aACT,CAAC,CAAC;YACH,MAAM,QAAQ,GAAG,MAAM,IAAI,CAAC,cAAc,CAAC,QAAQ,CAAC,OAAO,EAAE,CAAC,CAAC,CAAC;YAChE,MAAM,CAAC,GAAG,IAAI,CAAC,OAAO,CAAC,IAAI,CAAC,QAAQ,CAAC,IAAI,CAAC,CAAC;YAC3C,MAAM,QAAQ,GAAc,EAAE,CAAC;YAC/B,IAAI,CAAC,GAAG,CAAC,CAAC;YACV,KAAK,MAAM,GAAG,IAAI,CAAC,CAAC,qBAAqB,CAAC,CAAC,OAAO,EAAE,CAAC,OAAO,EAAE,EAAE;gBAC5D,IAAI,OAAO,GAAG,UAAU,CAAC,CAAC,CAAC,mBAAmB,EAAE,GAAG,CAAC,CAAC,IAAI,EAAE,CAAC,KAAK,CAAC,GAAG,CAAC,CAAC,CAAC,CAAC,CAAC,CAAC;gBAC3E,CAAC,EAAE,CAAC;gBACJ,QAAQ,CAAC,IAAI,CAAC,aAAa,CAAU;oBACjC,EAAE,EAAE,CAAC,CAAC,GAAG,EAAE,GAAG,CAAC,CAAC,IAAI,CAAC,MAAM,CAAC;oBAC5B,OAAO,EAAE,KAAK,CAAC,OAAO,CAAC,CAAC,CAAC,CAAC,CAAC,CAAC,CAAC,CAAC,OAAO;oBACrC,IAAI,EAAE,CAAC,CAAC,GAAG,EAAE,GAAG,CAAC,CAAC,IAAI,CAAC,OAAO,CAAC;oBAC/B,OAAO,EAAE,OAAO;oBAChB,QAAQ,EAAE,0CAAY,CAAC,UAAU;iBACpC,CAAC,CAAC,CAAC;aACP;YAED,OAAO,QAAQ,CAAC;QACpB,CAAC;KAAA;IAEK,iBAAiB,CAAC,OAAe,EAAE,SAAiB;;YACtD,MAAM,OAAO,GAAG,mBAAmB,CAAC;gBAChC,GAAG,EAAE,GAAG,MAAM,GAAG,SAAS,EAAE;gBAC5B,MAAM;aACT,CAAC,CAAC;YAEH,MAAM,QAAQ,GAAG,MAAM,IAAI,CAAC,cAAc,CAAC,QAAQ,CAAC,OAAO,EAAE,CAAC,CAAC,CAAC;YAChE,IAAI,CAAC,GAAG,IAAI,CAAC,OAAO,CAAC,IAAI,CAAC,QAAQ,CAAC,IAAI,CAAC,CAAC;YACzC,MAAM,KAAK,GAAa,EAAE,CAAC;YAC3B,KAAK,IAAI,GAAG,IAAI,CAAC,CAAC,wBAAwB,CAAC,CAAC,OAAO,EAAE,EAAE;gBACnD,IAAI,CAAC,GAAG,CAAC,OAAO,CAAC,UAAU,CAAC;oBAAE,SAAS;gBACvC,IAAI,IAAI,GAAG,GAAG,CAAC,OAAO,CAAC,UAAU,CAAC,CAAC,IAAI,EAAE,CAAC;gBAC1C,KAAK,CAAC,IAAI,CAAC,IAAI,CAAC,CAAC;aACpB;YACD,OAAO,CAAC,GAAG,CAAC,KAAK,CAAC,CAAC;YACnB,MAAM,cAAc,GAAG,oBAAoB,CAAC;gBACxC,EAAE,EAAE,SAAS;gBACb,OAAO,EAAE,OAAO;gBAChB,KAAK,EAAE,KAAK;gBACZ,SAAS,EAAE,KAAK;aACnB,CAAC,CAAC;YACH,OAAO,cAAc,CAAC;QAC1B,CAAC;KAAA;IAEK,mBAAmB,CAAC,eAA+C;;;YACrE,IAAI,GAAG,GAAgB,iBAAiB,CAAC;gBACrC,EAAE,EAAE,KAAK;gBACT,KAAK,EAAE,uBAAuB;gBAC9B,SAAS,EAAE,KAAK;aACnB,CAAC,CAAC;YACH,IAAI,UAAU,GAAgB,iBAAiB,CAAC;gBAC5C,EAAE,EAAE,aAAa;gBACjB,KAAK,EAAE,qBAAqB;gBAC5B,SAAS,EAAE,IAAI;aAClB,CAAC,CAAC;YACH,IAAI,QAAQ,GAAgB,iBAAiB,CAAC;gBAC1C,EAAE,EAAE,WAAW;gBACf,KAAK,EAAE,iBAAiB;gBACxB,SAAS,EAAE,KAAK;aACnB,CAAC,CAAC;YAEH,qBAAqB;YACrB,eAAe,CAAC,GAAG,CAAC,CAAC;YACrB,eAAe,CAAC,UAAU,CAAC,CAAC;YAC5B,eAAe,CAAC,QAAQ,CAAC,CAAC;YAE1B,uBAAuB;YACvB,MAAM;YACN,IAAI,OAAO,GAAG,mBAAmB,CAAC;gBAC9B,GAAG,EAAE,+BAA+B;gBACpC,MAAM,EAAE,KAAK;aAChB,CAAC,CAAC;YACH,IAAI,OAAO,GAAgB,EAAE,CAAC;YAC9B,IAAI,IAAI,GAAG,MAAM,IAAI,CAAC,cAAc,CAAC,QAAQ,CAAC,OAAO,EAAE,CAAC,CAAC,CAAC;YAC1D,IAAI,CAAC,GAAG,IAAI,CAAC,OAAO,CAAC,IAAI,CAAC,IAAI,CAAC,IAAI,CAAC,CAAC;YACrC,KAAK,IAAI,KAAK,IAAI,CAAC,CAAC,WAAW,EAAE,YAAY,CAAC,CAAC,OAAO,EAAE,EAAE;gBACtD,MAAM,KAAK,GAAG,CAAC,CAAC,eAAe,EAAE,KAAK,CAAC,CAAC,IAAI,EAAE,CAAC,IAAI,EAAE,CAAC;gBACtD,MAAM,EAAE,GAAG,CAAC,CAAC,oBAAoB,EAAE,KAAK,CAAC,CAAC,IAAI,CAAC,MAAM,CAAC,CAAC;gBACvD,MAAM,KAAK,SAAG,CAAC,CAAC,gDAAgD,EAAE,KAAK,CAAC,CAAC,GAAG,CAAC,kBAAkB,CAAC,mCAAI,EAAE,CAAC;gBACvG,MAAM,EAAE,GAAG,KAAK,CAAC,OAAO,CAAC,MAAM,EAAE,EAAE,CAAC,CAAC,OAAO,CAAC,GAAG,EAAE,EAAE,CAAC,CAAC,OAAO,CAAC,MAAM,EAAE,EAAE,CAAC,CAAC;gBAC1E,MAAM,GAAG,GAAG,CAAC,CAAC,oBAAoB,EAAE,KAAK,CAAC,CAAC,IAAI,EAAE,CAAC,IAAI,EAAE,CAAA;gBACxD,+BAA+B;gBAC/B,OAAO,CAAC,IAAI,CAAC,eAAe,CAAY;oBACpC,EAAE,EAAE,EAAE;oBACN,KAAK,EAAE,CAAA,EAAE,aAAF,EAAE,uBAAF,EAAE,CAAE,QAAQ,CAAC,MAAM,GAAE,CAAC,CAAC,CAAC,EAAE,CAAC,CAAC,CAAC,CAAC,CAAC,QAAQ,GAAG,EAAE,CAAC;oBACpD,KAAK,EAAE,cAAc,CAAC,EAAE,IAAI,EAAE,KAAK,EAAE,CAAC;oBACtC,YAAY,EAAE,cAAc,CAAC,EAAE,IAAI,EAAE,GAAG,EAAE,CAAC;iBAC9C,CAAC,CAAC,CAAC;aACP;YACD,GAAG,CAAC,KAAK,GAAG,OAAO,CAAC;YACpB,eAAe,CAAC,GAAG,CAAC,CAAC;YAErB,aAAa;YACb,OAAO,GAAG,mBAAmB,CAAC;gBAC1B,GAAG,EAAE,+BAA+B;gBACpC,MAAM,EAAE,KAAK;aAChB,CAAC,CAAC;YACH,IAAI,eAAe,GAAgB,EAAE,CAAC;YACtC,IAAI,GAAG,MAAM,IAAI,CAAC,cAAc,CAAC,QAAQ,CAAC,OAAO,EAAE,CAAC,CAAC,CAAC;YACtD,CAAC,GAAG,IAAI,CAAC,OAAO,CAAC,IAAI,CAAC,IAAI,CAAC,IAAI,CAAC,CAAC;YACjC,KAAK,IAAI,KAAK,IAAI,CAAC,CAAC,mCAAmC,EAAE,0DAA0D,CAAC,CAAC,OAAO,EAAE,EAAE;gBAC5H,MAAM,KAAK,GAAG,CAAC,CAAC,eAAe,EAAE,KAAK,CAAC,CAAC,IAAI,EAAE,CAAC,IAAI,EAAE,CAAC;gBACtD,MAAM,EAAE,SAAG,CAAC,CAAC,mBAAmB,EAAE,KAAK,CAAC,CAAC,IAAI,CAAC,MAAM,CAAC,mCAAI,KAAK,CAAC;gBAC/D,MAAM,KAAK,GAAG,CAAC,CAAC,gDAAgD,EAAE,KAAK,CAAC,CAAC,IAAI,CAAC,SAAS,CAAC,CAAC;gBACzF,MAAM,GAAG,GAAG,CAAC,CAAC,GAAG,EAAE,KAAK,CAAC,CAAC,IAAI,EAAE,CAAC,IAAI,EAAE,CAAC,IAAI,EAAE,CAAC;gBAC/C,kCAAkC;gBAClC,eAAe,CAAC,IAAI,CAAC,eAAe,CAAC;oBACjC,EAAE,EAAE,EAAE;oBACN,KAAK,EAAE,CAAA,KAAK,aAAL,KAAK,uBAAL,KAAK,CAAE,QAAQ,CAAC,MAAM,GAAE,CAAC,CAAC,CAAC,KAAK,CAAC,CAAC,CAAC,CAAC,CAAC,QAAQ,GAAG,KAAK,CAAC;oBAC7D,KAAK,EAAE,cAAc,CAAC;wBAClB,IAAI,EAAE,KAAK;qBACd,CAAC;oBACF,YAAY,EAAE,cAAc,CAAC;wBACzB,IAAI,EAAE,GAAG;qBACZ,CAAC;iBACL,CAAC,CAAC,CAAA;aACN;YACD,UAAU,CAAC,KAAK,GAAG,eAAe,CAAC;YACnC,eAAe,CAAC,UAAU,CAAC,CAAC;YAE5B,WAAW;YACX,OAAO,GAAG,mBAAmB,CAAC;gBAC1B,GAAG,EAAE,+BAA+B;gBACpC,MAAM,EAAE,KAAK;aAChB,CAAC,CAAC;YACH,IAAI,WAAW,GAAgB,EAAE,CAAC;YAClC,IAAI,GAAG,MAAM,IAAI,CAAC,cAAc,CAAC,QAAQ,CAAC,OAAO,EAAE,CAAC,CAAC,CAAC;YACtD,CAAC,GAAG,IAAI,CAAC,OAAO,CAAC,IAAI,CAAC,IAAI,CAAC,IAAI,CAAC,CAAC;YACjC,KAAK,IAAI,KAAK,IAAI,CAAC,CAAC,mCAAmC,EAAE,0DAA0D,CAAC,CAAC,OAAO,EAAE,EAAE;gBAC5H,MAAM,KAAK,GAAG,CAAC,CAAC,eAAe,EAAE,KAAK,CAAC,CAAC,IAAI,EAAE,CAAC,IAAI,EAAE,CAAC;gBACtD,MAAM,EAAE,SAAG,CAAC,CAAC,mBAAmB,EAAE,KAAK,CAAC,CAAC,IAAI,CAAC,MAAM,CAAC,mCAAI,KAAK,CAAC;gBAC/D,MAAM,KAAK,GAAG,CAAC,CAAC,gDAAgD,EAAE,KAAK,CAAC,CAAC,IAAI,CAAC,SAAS,CAAC,CAAC;gBACzF,MAAM,GAAG,GAAG,CAAC,CAAC,GAAG,EAAE,KAAK,CAAC,CAAC,IAAI,EAAE,CAAC,IAAI,EAAE,CAAC,IAAI,EAAE,CAAC;gBAC/C,kCAAkC;gBAClC,WAAW,CAAC,IAAI,CAAC,eAAe,CAAC;oBAC7B,EAAE,EAAE,EAAE;oBACN,KAAK,EAAE,CAAA,KAAK,aAAL,KAAK,uBAAL,KAAK,CAAE,QAAQ,CAAC,MAAM,GAAE,CAAC,CAAC,CAAC,KAAK,CAAC,CAAC,CAAC,CAAC,CAAC,QAAQ,GAAG,KAAK,CAAC;oBAC7D,KAAK,EAAE,cAAc,CAAC;wBAClB,IAAI,EAAE,KAAK;qBACd,CAAC;oBACF,YAAY,EAAE,cAAc,CAAC;wBACzB,IAAI,EAAE,GAAG;qBACZ,CAAC;iBACL,CAAC,CAAC,CAAA;aACN;YACD,QAAQ,CAAC,KAAK,GAAG,WAAW,CAAC;YAC7B,eAAe,CAAC,QAAQ,CAAC,CAAC;;KAC7B;IAEK,gBAAgB,CAAC,iBAAyB,EAAE,QAAa;;;YAC3D,IAAI,IAAI,SAAW,QAAQ,aAAR,QAAQ,uBAAR,QAAQ,CAAE,IAAI,mCAAI,CAAC,CAAC;YACvC,IAAI,KAAK,GAAG,EAAE,CAAC;YACf,IAAI,GAAG,GAAG,EAAE,CAAC;YACb,QAAQ,iBAAiB,EAAE;gBACvB,KAAK,aAAa;oBACd,GAAG,GAAG,qDAAqD,IAAI,EAAE,CAAC;oBAClE,MAAM;gBACV;oBACI,OAAO,OAAO,CAAC,OAAO,CAAC,kBAAkB,CAAC,EAAE,OAAO,EAAE,EAAE,EAAE,CAAC,CAAC,CAAA;aAClE;YAED,MAAM,OAAO,GAAG,mBAAmB,CAAC;gBAChC,GAAG;gBACH,MAAM;gBACN,KAAK;aACR,CAAC,CAAC;YAEH,MAAM,QAAQ,GAAG,MAAM,IAAI,CAAC,cAAc,CAAC,QAAQ,CAAC,OAAO,EAAE,CAAC,CAAC,CAAC;YAChE,MAAM,CAAC,GAAG,IAAI,CAAC,OAAO,CAAC,IAAI,CAAC,QAAQ,CAAC,IAAI,CAAC,CAAC;YAE3C,MAAM,KAAK,GAAG,sCAAa,CAAC,CAAC,CAAC,CAAC;YAC/B,QAAQ,GAAG,CAAC,mCAAU,CAAC,CAAC,CAAC,CAAC,CAAC,CAAC,EAAE,IAAI,EAAE,IAAI,GAAG,CAAC,EAAE,CAAC,CAAC,CAAC,SAAS,CAAC;YAC3D,OAAO,kBAAkB,CAAC;gBACtB,OAAO,EAAE,KAAK;gBACd,QAAQ;aACX,CAAC,CAAC;;KACN;IAEK,gBAAgB,CAAC,KAAoB,EAAE,QAAa;;;YACtD,IAAI,IAAI,SAAG,QAAQ,aAAR,QAAQ,uBAAR,QAAQ,CAAE,IAAI,mCAAI,CAAC,CAAC;YAE/B,MAAM,MAAM,GAAG;gBACX,QAAQ,EAAE,EAAE;gBACZ,OAAO,EAAE,GAAG;gBACZ,MAAM,EAAE,IAAI;gBACZ,UAAU,EAAE,GAAG;gBACf,IAAI,EAAE,GAAG;aACZ,CAAC;YAEF,MAAM,IAAI,eAAG,KAAK,CAAC,YAAY,0CAAE,GAAG,CAAC,GAAG,CAAC,EAAE,CAAC,GAAG,CAAC,EAAE,oCAAK,EAAE,CAAC;YAC1D,MAAM,QAAQ,GAAa,EAAE,CAAC;YAC9B,IAAI,CAAC,GAAG,CAAC,CAAC,KAAK,EAAE,EAAE;gBACf,IAAI,KAAK,CAAC,OAAO,CAAC,GAAG,CAAC,KAAK,CAAC,CAAC,EAAE;oBAC3B,QAAQ,CAAC,IAAI,CAAC,KAAK,CAAC,CAAA;iBACvB;qBAAM;oBACH,QAAQ,KAAK,CAAC,KAAK,CAAC,GAAG,CAAC,CAAC,CAAC,CAAC,EAAE;wBACzB,KAAK,YAAY;4BACb,MAAM,CAAC,UAAU,GAAG,CAAC,KAAK,CAAC,KAAK,CAAC,GAAG,CAAC,CAAC,CAAC,CAAC,CAAC,CAAC;4BAC1C,MAAK;wBACT,KAAK,SAAS;4BACV,MAAM,CAAC,OAAO,GAAG,CAAC,KAAK,CAAC,KAAK,CAAC,GAAG,CAAC,CAAC,CAAC,CAAC,CAAC,CAAC;4BACvC,MAAK;wBACT,KAAK,MAAM;4BACP,MAAM,CAAC,IAAI,GAAG,CAAC,KAAK,CAAC,KAAK,CAAC,GAAG,CAAC,CAAC,CAAC,CAAC,CAAC,CAAC;4BACpC,MAAK;wBACT,KAAK,QAAQ;4BACT,MAAM,CAAC,MAAM,GAAG,CAAC,KAAK,CAAC,KAAK,CAAC,GAAG,CAAC,CAAC,CAAC,CAAC,CAAC,CAAC;4BACtC,MAAK;qBACZ;iBACJ;YACL,CAAC,CAAC,CAAA;YACF,MAAM,CAAC,QAAQ,GAAG,CAAC,QAAQ,aAAR,QAAQ,cAAR,QAAQ,GAAI,EAAE,CAAC,CAAC,IAAI,CAAC,GAAG,CAAC,CAAC;YAC7C,MAAM,OAAO,GAAG,mBAAmB,CAAC;gBAChC,GAAG,EAAE,KAAK,CAAC,KAAK,CAAC,CAAC,CAAC,GAAG,MAAM,kBAAkB,IAAI,OAAO,CAAC,CAAC,CAAC,GAAG,MAAM,2BAA2B,IAAI,OAAO;gBAC3G,MAAM,EAAE,KAAK;gBACb,KAAK,EAAE,SAAS,CAAC,MAAM,MAAA,KAAK,CAAC,KAAK,mCAAI,EAAE,aAAa,MAAM,CAAC,QAAQ,YAAY,MAAM,CAAC,OAAO,WAAW,MAAM,CAAC,MAAM,eAAe,MAAM,CAAC,UAAU,SAAS,MAAM,CAAC,IAAI,EAAE,CAAC;aAChL,CAAC,CAAC;YAEH,MAAM,IAAI,GAAG,MAAM,IAAI,CAAC,cAAc,CAAC,QAAQ,CAAC,OAAO,EAAE,CAAC,CAAC,CAAC;YAC5D,IAAI,CAAC,GAAG,IAAI,CAAC,OAAO,CAAC,IAAI,CAAC,IAAI,CAAC,IAAI,CAAC,CAAC;YACrC,MAAM,KAAK,GAAG,oCAAW,CAAC,CAAC,CAAC,CAAC;YAE7B,QAAQ,GAAG,CAAC,mCAAU,CAAC,CAAC,CAAC,CAAC,CAAC,CAAC,EAAE,IAAI,EAAE,IAAI,GAAG,CAAC,EAAE,CAAC,CAAC,CAAC,SAAS,CAAC;YAE3D,OAAO,kBAAkB,CAAC;gBACtB,OAAO,EAAE,KAAK;gBACd,QAAQ;aACX,CAAC,CAAC;;KACN;IAED,iDAAiD;IACjD,oDAAoD;IACpD,4CAA4C;IAC5C,oBAAoB;IACpB,yBAAyB;IACzB,UAAU;IAEV,sEAAsE;IACtE,kDAAkD;IAClD,mCAAmC;IACnC,oCAAoC;IACpC,oCAAoC;IACpC,oCAAoC;IACpC,oCAAoC;IACpC,iBAAiB;IACjB,0EAA0E;IAC1E,8CAA8C;IAC9C,8DAA8D;IAC9D,uCAAuC;IACvC,oDAAoD;IACpD,QAAQ;IACR,iBAAiB;IACjB,mEAAmE;IACnE,8CAA8C;IAC9C,iEAAiE;IACjE,uCAAuC;IACvC,qDAAqD;IACrD,QAAQ;IACR,mBAAmB;IACnB,kEAAkE;IAClE,8CAA8C;IAC9C,gEAAgE;IAChE,uCAAuC;IACvC,qDAAqD;IACrD,QAAQ;IACR,wBAAwB;IACxB,sEAAsE;IACtE,8CAA8C;IAC9C,oEAAoE;IACpE,uCAAuC;IACvC,qDAAqD;IACrD,QAAQ;IACR,gBAAgB;IAChB,gEAAgE;IAChE,8CAA8C;IAC9C,8DAA8D;IAC9D,uCAAuC;IACvC,qDAAqD;IACrD,QAAQ;IAER,0CAA0C;IAC1C,2GAA2G;IAC3G,kHAAkH;IAClH,oHAAoH;IACpH,yHAAyH;IACzH,iHAAiH;IACjH,QAAQ;IACR,0BAA0B;IAC1B,IAAI;IAEJ,oBAAoB;QAChB,OAAO;YACH,OAAO,EAAE,GAAG,MAAM,GAAG;SACxB,CAAA;IACL,CAAC;CACJ;AAhWD,4CAgWC","sourcesContent":["import {\r\n    Source,\r\n    Manga,\r\n    Chapter,\r\n    ChapterDetails,\r\n    HomeSection,\r\n    SearchRequest,\r\n    PagedResults,\r\n    SourceInfo,\r\n    TagType,\r\n    TagSection,\r\n    ContentRating,\r\n    RequestHeaders,\r\n    MangaTile,\r\n    Tag,\r\n    LanguageCode,\r\n    HomeSectionType\r\n} from \"paperback-extensions-common\"\r\n\r\nimport { parseSearch, isLastPage, parseViewMore } from \"./TruyentranhAudioParser\"\r\n\r\nconst DOMAIN = 'https://truyentranhaudio.online/'\r\nconst method = 'GET'\r\n\r\nexport const TruyentranhAudioInfo: SourceInfo = {\r\n    version: '3.0.0',\r\n    name: 'TruyentranhAudio',\r\n    icon: 'icon.png',\r\n    author: 'Huynhzip3',\r\n    authorWebsite: 'https://github.com/huynh12345678',\r\n    description: 'Extension that pulls manga from TruyentranhAudio',\r\n    websiteBaseURL: `${DOMAIN}`,\r\n    contentRating: ContentRating.MATURE,\r\n    sourceTags: [\r\n        {\r\n            text: \"Recommended\",\r\n            type: TagType.BLUE\r\n        }\r\n    ]\r\n}\r\n\r\nexport class TruyentranhAudio extends Source {\r\n    getMangaShareUrl(mangaId: string): string { return `${DOMAIN}${mangaId}` };\r\n    requestManager = createRequestManager({\r\n        requestsPerSecond: 5,\r\n        requestTimeout: 20000\r\n    })\r\n\r\n    async getMangaDetails(mangaId: string): Promise<Manga> {\r\n        const request = createRequestObject({\r\n            url: DOMAIN + mangaId,\r\n            method: \"GET\",\r\n        });\r\n        const data = await this.requestManager.schedule(request, 1);\r\n        let $ = this.cheerio.load(data.data);\r\n        let tags: Tag[] = [];\r\n        const genres = [];\r\n        let status = 1;\r\n        let desc = $('.summary-content > p').text();\r\n        for (const t of $('a', '.manga-info > li:nth-of-type(3)').toArray()) {\r\n            const genre = $(t).text().trim()\r\n            const id = $(t).attr('href')?.trim() ?? genre\r\n            tags.push(createTag({ label: genre, id }));\r\n            genres.push(\r\n                {\r\n                    label: genre,\r\n                    id\r\n                }\r\n            );\r\n        }\r\n        const image = $('info-cover > .thumbnail').attr('src') ?? \"fuck\";\r\n        const creator = $('a', '.manga-info > li:nth-of-type(2)').text();\r\n\r\n        //log\r\n        console.log(DOMAIN + mangaId);\r\n        console.log('image: ' + image);\r\n        console.log('title: ' + $('.manga-info > h3').text());\r\n        console.log('creator: ' + creator);\r\n        console.log(genres);\r\n        console.log('desc: ' + desc + '/n');\r\n\r\n        return createManga({\r\n            id: mangaId,\r\n            author: creator,\r\n            artist: creator,\r\n            desc,\r\n            titles: [$('.manga-info > h3').text()],\r\n            image: image,\r\n            status,\r\n            hentai: false,\r\n            tags: [createTagSection({ label: \"genres\", tags: tags, id: '0' })]\r\n        });\r\n\r\n    }\r\n    async getChapters(mangaId: string): Promise<Chapter[]> {\r\n        const request = createRequestObject({\r\n            url: DOMAIN + mangaId,\r\n            method,\r\n        });\r\n        const response = await this.requestManager.schedule(request, 1);\r\n        const $ = this.cheerio.load(response.data);\r\n        const chapters: Chapter[] = [];\r\n        var i = 0;\r\n        for (const obj of $(\".list-chapters > li\").toArray().reverse()) {\r\n            var chapNum = parseFloat($('a > .chapter-name', obj).text().split(' ')[1]);\r\n            i++;\r\n            chapters.push(createChapter(<Chapter>{\r\n                id: $('a', obj).attr('href'),\r\n                chapNum: isNaN(chapNum) ? i : chapNum,\r\n                name: $('a', obj).attr('title'),\r\n                mangaId: mangaId,\r\n                langCode: LanguageCode.VIETNAMESE,\r\n            }));\r\n        }\r\n\r\n        return chapters;\r\n    }\r\n\r\n    async getChapterDetails(mangaId: string, chapterId: string): Promise<ChapterDetails> {\r\n        const request = createRequestObject({\r\n            url: `${DOMAIN}${chapterId}`,\r\n            method\r\n        });\r\n\r\n        const response = await this.requestManager.schedule(request, 1);\r\n        let $ = this.cheerio.load(response.data);\r\n        const pages: string[] = [];\r\n        for (let obj of $('.chapter-content > img').toArray()) {\r\n            if (!obj.attribs['data-src']) continue;\r\n            let link = obj.attribs['data-src'].trim();\r\n            pages.push(link);\r\n        }\r\n        console.log(pages);\r\n        const chapterDetails = createChapterDetails({\r\n            id: chapterId,\r\n            mangaId: mangaId,\r\n            pages: pages,\r\n            longStrip: false\r\n        });\r\n        return chapterDetails;\r\n    }\r\n\r\n    async getHomePageSections(sectionCallback: (section: HomeSection) => void): Promise<void> {\r\n        let hot: HomeSection = createHomeSection({\r\n            id: 'hot',\r\n            title: \"TRUYỆN HOT TRONG NGÀY\",\r\n            view_more: false,\r\n        });\r\n        let newUpdated: HomeSection = createHomeSection({\r\n            id: 'new_updated',\r\n            title: \"TRUYỆN MỚI CẬP NHẬT\",\r\n            view_more: true,\r\n        });\r\n        let newAdded: HomeSection = createHomeSection({\r\n            id: 'new_added',\r\n            title: \"TRUYỆN MỚI ĐĂNG\",\r\n            view_more: false,\r\n        });\r\n\r\n        //Load empty sections\r\n        sectionCallback(hot);\r\n        sectionCallback(newUpdated);\r\n        sectionCallback(newAdded);\r\n\r\n        ///Get the section data\r\n        // Hot\r\n        let request = createRequestObject({\r\n            url: 'https://truyentranhaudio.com/',\r\n            method: \"GET\",\r\n        });\r\n        let popular: MangaTile[] = [];\r\n        let data = await this.requestManager.schedule(request, 1);\r\n        let $ = this.cheerio.load(data.data);\r\n        for (let manga of $('.owl-item', '.owl-stage').toArray()) {\r\n            const title = $('.series-title', manga).text().trim();\r\n            const id = $('.thumb-wrapper > a', manga).attr('href');\r\n            const image = $('.thumb-wrapper > a > .a6-ratio > .img-in-ratio', manga).css('background-image') ?? \"\";\r\n            const bg = image.replace('url(', '').replace(')', '').replace(/\\\"/gi, \"\");\r\n            const sub = $('.chapter-title > a', manga).text().trim()\r\n            // if (!id || !title) continue;\r\n            popular.push(createMangaTile(<MangaTile>{\r\n                id: id,\r\n                image: bg?.includes('http') ? (bg) : (\"https:\" + bg),\r\n                title: createIconText({ text: title }),\r\n                subtitleText: createIconText({ text: sub }),\r\n            }));\r\n        }\r\n        hot.items = popular;\r\n        sectionCallback(hot);\r\n\r\n        //New Updates\r\n        request = createRequestObject({\r\n            url: 'https://truyentranhaudio.com/',\r\n            method: \"GET\",\r\n        });\r\n        let newUpdatedItems: MangaTile[] = [];\r\n        data = await this.requestManager.schedule(request, 1);\r\n        $ = this.cheerio.load(data.data);\r\n        for (let manga of $('.thumb-item-flow:not(:last-child)', '.col-lg-8.col-sm-8 > .card:nth-child(3) .row-last-update').toArray()) {\r\n            const title = $('.series-title', manga).text().trim();\r\n            const id = $('.series-title > a', manga).attr('href') ?? title;\r\n            const image = $('.thumb-wrapper > a > .a6-ratio > .img-in-ratio', manga).attr('data-bg');\r\n            const sub = $('a', manga).last().text().trim();\r\n            // if (!id || !subtitle) continue;\r\n            newUpdatedItems.push(createMangaTile({\r\n                id: id,\r\n                image: image?.includes('http') ? (image) : (\"https:\" + image),\r\n                title: createIconText({\r\n                    text: title,\r\n                }),\r\n                subtitleText: createIconText({\r\n                    text: sub,\r\n                }),\r\n            }))\r\n        }\r\n        newUpdated.items = newUpdatedItems;\r\n        sectionCallback(newUpdated);\r\n\r\n        //New Added\r\n        request = createRequestObject({\r\n            url: 'https://truyentranhaudio.com/',\r\n            method: \"GET\",\r\n        });\r\n        let newAddItems: MangaTile[] = [];\r\n        data = await this.requestManager.schedule(request, 1);\r\n        $ = this.cheerio.load(data.data);\r\n        for (let manga of $('.thumb-item-flow:not(:last-child)', '.col-lg-8.col-sm-8 > .card:nth-child(6) .row-last-update').toArray()) {\r\n            const title = $('.series-title', manga).text().trim();\r\n            const id = $('.series-title > a', manga).attr('href') ?? title;\r\n            const image = $('.thumb-wrapper > a > .a6-ratio > .img-in-ratio', manga).attr('data-bg');\r\n            const sub = $('a', manga).last().text().trim();\r\n            // if (!id || !subtitle) continue;\r\n            newAddItems.push(createMangaTile({\r\n                id: id,\r\n                image: image?.includes('http') ? (image) : (\"https:\" + image),\r\n                title: createIconText({\r\n                    text: title,\r\n                }),\r\n                subtitleText: createIconText({\r\n                    text: sub,\r\n                }),\r\n            }))\r\n        }\r\n        newAdded.items = newAddItems;\r\n        sectionCallback(newAdded);\r\n    }\r\n\r\n    async getViewMoreItems(homepageSectionId: string, metadata: any): Promise<PagedResults> {\r\n        let page: number = metadata?.page ?? 1;\r\n        let param = '';\r\n        let url = '';\r\n        switch (homepageSectionId) {\r\n            case \"new_updated\":\r\n                url = `https://truyentranhaudio.com/manga-list.html?page=${page}`;\r\n                break;\r\n            default:\r\n                return Promise.resolve(createPagedResults({ results: [] }))\r\n        }\r\n\r\n        const request = createRequestObject({\r\n            url,\r\n            method,\r\n            param\r\n        });\r\n\r\n        const response = await this.requestManager.schedule(request, 1);\r\n        const $ = this.cheerio.load(response.data);\r\n\r\n        const manga = parseViewMore($);\r\n        metadata = !isLastPage($) ? { page: page + 1 } : undefined;\r\n        return createPagedResults({\r\n            results: manga,\r\n            metadata,\r\n        });\r\n    }\r\n\r\n    async getSearchResults(query: SearchRequest, metadata: any): Promise<PagedResults> {\r\n        let page = metadata?.page ?? 1;\r\n\r\n        const search = {\r\n            category: '',\r\n            country: \"0\",\r\n            status: \"-1\",\r\n            minchapter: \"0\",\r\n            sort: \"0\"\r\n        };\r\n\r\n        const tags = query.includedTags?.map(tag => tag.id) ?? [];\r\n        const category: string[] = [];\r\n        tags.map((value) => {\r\n            if (value.indexOf('.') === -1) {\r\n                category.push(value)\r\n            } else {\r\n                switch (value.split(\".\")[0]) {\r\n                    case 'minchapter':\r\n                        search.minchapter = (value.split(\".\")[1]);\r\n                        break\r\n                    case 'country':\r\n                        search.country = (value.split(\".\")[1]);\r\n                        break\r\n                    case 'sort':\r\n                        search.sort = (value.split(\".\")[1]);\r\n                        break\r\n                    case 'status':\r\n                        search.status = (value.split(\".\")[1]);\r\n                        break\r\n                }\r\n            }\r\n        })\r\n        search.category = (category ?? []).join(\",\");\r\n        const request = createRequestObject({\r\n            url: query.title ? `${DOMAIN}tim-kiem/trang-${page}.html` : `${DOMAIN}tim-kiem-nang-cao/trang-${page}.html`,\r\n            method: \"GET\",\r\n            param: encodeURI(`?q=${query.title ?? ''}&category=${search.category}&country=${search.country}&status=${search.status}&minchapter=${search.minchapter}&sort=${search.sort}`)\r\n        });\r\n\r\n        const data = await this.requestManager.schedule(request, 1);\r\n        let $ = this.cheerio.load(data.data);\r\n        const tiles = parseSearch($);\r\n\r\n        metadata = !isLastPage($) ? { page: page + 1 } : undefined;\r\n\r\n        return createPagedResults({\r\n            results: tiles,\r\n            metadata\r\n        });\r\n    }\r\n\r\n    // async getSearchTags(): Promise<TagSection[]> {\r\n    //     const url = `${DOMAIN}tim-kiem-nang-cao.html`\r\n    //     const request = createRequestObject({\r\n    //         url: url,\r\n    //         method: \"GET\",\r\n    //     });\r\n\r\n    //     const response = await this.requestManager.schedule(request, 1)\r\n    //     const $ = this.cheerio.load(response.data);\r\n    //     const arrayTags: Tag[] = [];\r\n    //     const arrayTags2: Tag[] = [];\r\n    //     const arrayTags3: Tag[] = [];\r\n    //     const arrayTags4: Tag[] = [];\r\n    //     const arrayTags5: Tag[] = [];\r\n    //     //the loai\r\n    //     for (const tag of $('div.genre-item', 'div.col-sm-10').toArray()) {\r\n    //         const label = $(tag).text().trim();\r\n    //         const id = $('span', tag).attr('data-id') ?? label;\r\n    //         if (!id || !label) continue;\r\n    //         arrayTags.push({ id: id, label: label });\r\n    //     }\r\n    //     //quoc gia\r\n    //     for (const tag of $('option', 'select#country').toArray()) {\r\n    //         const label = $(tag).text().trim();\r\n    //         const id = 'country.' + $(tag).attr('value') ?? label;\r\n    //         if (!id || !label) continue;\r\n    //         arrayTags2.push({ id: id, label: label });\r\n    //     }\r\n    //     //tinh trang\r\n    //     for (const tag of $('option', 'select#status').toArray()) {\r\n    //         const label = $(tag).text().trim();\r\n    //         const id = 'status.' + $(tag).attr('value') ?? label;\r\n    //         if (!id || !label) continue;\r\n    //         arrayTags3.push({ id: id, label: label });\r\n    //     }\r\n    //     //so luong chuong\r\n    //     for (const tag of $('option', 'select#minchapter').toArray()) {\r\n    //         const label = $(tag).text().trim();\r\n    //         const id = 'minchapter.' + $(tag).attr('value') ?? label;\r\n    //         if (!id || !label) continue;\r\n    //         arrayTags4.push({ id: id, label: label });\r\n    //     }\r\n    //     //sap xep\r\n    //     for (const tag of $('option', 'select#sort').toArray()) {\r\n    //         const label = $(tag).text().trim();\r\n    //         const id = 'sort.' + $(tag).attr('value') ?? label;\r\n    //         if (!id || !label) continue;\r\n    //         arrayTags5.push({ id: id, label: label });\r\n    //     }\r\n\r\n    //     const tagSections: TagSection[] = [\r\n    //         createTagSection({ id: '0', label: 'Thể Loại Truyện', tags: arrayTags.map(x => createTag(x)) }),\r\n    //         createTagSection({ id: '1', label: 'Quốc Gia (Chỉ chọn 1)', tags: arrayTags2.map(x => createTag(x)) }),\r\n    //         createTagSection({ id: '2', label: 'Tình Trạng (Chỉ chọn 1)', tags: arrayTags3.map(x => createTag(x)) }),\r\n    //         createTagSection({ id: '3', label: 'Số Lượng Chương (Chỉ chọn 1)', tags: arrayTags4.map(x => createTag(x)) }),\r\n    //         createTagSection({ id: '4', label: 'Sắp xếp (Chỉ chọn 1)', tags: arrayTags5.map(x => createTag(x)) }),\r\n    //     ]\r\n    //     return tagSections;\r\n    // }\r\n\r\n    globalRequestHeaders(): RequestHeaders { //cái này chỉ fix load ảnh thôi, ko load đc hết thì đéo phải do cái này\r\n        return {\r\n            referer: `${DOMAIN} `\r\n        }\r\n    }\r\n}"]},"_coverageSchema":"1a1c01bbd47fc00a2c39e90264f33305004495a9","hash":"68697d74808f782755d43b5ba624beece0467b3b","contentHash":"a5db49b82413c5b47d549e957ce782e5640d0688fcedded7c5548c6d6015895f"},"D:\\ATOM-\\ATOM\\REACTJS\\extensions-viet\\src\\TruyentranhAudio\\TruyentranhAudioParser.ts":{"path":"D:\\ATOM-\\ATOM\\REACTJS\\extensions-viet\\src\\TruyentranhAudio\\TruyentranhAudioParser.ts","statementMap":{"0":{"start":{"line":2,"column":0},"end":{"line":2,"column":62}},"1":{"start":{"line":3,"column":0},"end":{"line":3,"column":99}},"2":{"start":{"line":4,"column":17},"end":{"line":4,"column":36}},"3":{"start":{"line":5,"column":0},"end":{"line":9,"column":2}},"4":{"start":{"line":7,"column":18},"end":{"line":7,"column":72}},"5":{"start":{"line":8,"column":4},"end":{"line":8,"column":30}},"6":{"start":{"line":10,"column":0},"end":{"line":28,"column":2}},"7":{"start":{"line":12,"column":19},"end":{"line":12,"column":21}},"8":{"start":{"line":13,"column":4},"end":{"line":26,"column":5}},"9":{"start":{"line":14,"column":20},"end":{"line":14,"column":63}},"10":{"start":{"line":15,"column":23},"end":{"line":15,"column":66}},"11":{"start":{"line":16,"column":20},"end":{"line":16,"column":94}},"12":{"start":{"line":17,"column":17},"end":{"line":17,"column":153}},"13":{"start":{"line":18,"column":8},"end":{"line":19,"column":21}},"14":{"start":{"line":19,"column":12},"end":{"line":19,"column":21}},"15":{"start":{"line":20,"column":8},"end":{"line":25,"column":12}},"16":{"start":{"line":27,"column":4},"end":{"line":27,"column":18}},"17":{"start":{"line":29,"column":0},"end":{"line":54,"column":2}},"18":{"start":{"line":30,"column":18},"end":{"line":30,"column":20}},"19":{"start":{"line":31,"column":25},"end":{"line":31,"column":27}},"20":{"start":{"line":32,"column":4},"end":{"line":52,"column":5}},"21":{"start":{"line":33,"column":22},"end":{"line":33,"column":59}},"22":{"start":{"line":34,"column":19},"end":{"line":34,"column":59}},"23":{"start":{"line":35,"column":22},"end":{"line":35,"column":94}},"24":{"start":{"line":36,"column":20},"end":{"line":36,"column":63}},"25":{"start":{"line":37,"column":8},"end":{"line":38,"column":21}},"26":{"start":{"line":38,"column":12},"end":{"line":38,"column":21}},"27":{"start":{"line":39,"column":8},"end":{"line":51,"column":9}},"28":{"start":{"line":40,"column":12},"end":{"line":49,"column":16}},"29":{"start":{"line":50,"column":12},"end":{"line":50,"column":34}},"30":{"start":{"line":53,"column":4},"end":{"line":53,"column":17}},"31":{"start":{"line":69,"column":0},"end":{"line":83,"column":2}},"32":{"start":{"line":70,"column":17},"end":{"line":70,"column":22}},"33":{"start":{"line":71,"column":18},"end":{"line":71,"column":20}},"34":{"start":{"line":72,"column":4},"end":{"line":77,"column":5}},"35":{"start":{"line":73,"column":18},"end":{"line":73,"column":52}},"36":{"start":{"line":74,"column":8},"end":{"line":75,"column":21}},"37":{"start":{"line":75,"column":12},"end":{"line":75,"column":21}},"38":{"start":{"line":76,"column":8},"end":{"line":76,"column":22}},"39":{"start":{"line":78,"column":21},"end":{"line":78,"column":39}},"40":{"start":{"line":79,"column":24},"end":{"line":79,"column":64}},"41":{"start":{"line":80,"column":4},"end":{"line":81,"column":22}},"42":{"start":{"line":81,"column":8},"end":{"line":81,"column":22}},"43":{"start":{"line":82,"column":4},"end":{"line":82,"column":18}},"44":{"start":{"line":84,"column":25},"end":{"line":86,"column":1}},"45":{"start":{"line":85,"column":4},"end":{"line":85,"column":36}}},"fnMap":{"0":{"name":"(anonymous_0)","decl":{"start":{"line":5,"column":25},"end":{"line":5,"column":26}},"loc":{"start":{"line":5,"column":36},"end":{"line":9,"column":1}},"line":5},"1":{"name":"(anonymous_1)","decl":{"start":{"line":10,"column":22},"end":{"line":10,"column":23}},"loc":{"start":{"line":10,"column":29},"end":{"line":28,"column":1}},"line":10},"2":{"name":"(anonymous_2)","decl":{"start":{"line":29,"column":24},"end":{"line":29,"column":25}},"loc":{"start":{"line":29,"column":31},"end":{"line":54,"column":1}},"line":29},"3":{"name":"(anonymous_3)","decl":{"start":{"line":69,"column":21},"end":{"line":69,"column":22}},"loc":{"start":{"line":69,"column":28},"end":{"line":83,"column":1}},"line":69},"4":{"name":"(anonymous_4)","decl":{"start":{"line":84,"column":25},"end":{"line":84,"column":26}},"loc":{"start":{"line":84,"column":34},"end":{"line":86,"column":1}},"line":84}},"branchMap":{"0":{"loc":{"start":{"line":7,"column":18},"end":{"line":7,"column":72}},"type":"cond-expr","locations":[{"start":{"line":7,"column":65},"end":{"line":7,"column":67}},{"start":{"line":7,"column":70},"end":{"line":7,"column":72}}],"line":7},"1":{"loc":{"start":{"line":7,"column":18},"end":{"line":7,"column":62}},"type":"binary-expr","locations":[{"start":{"line":7,"column":18},"end":{"line":7,"column":45}},{"start":{"line":7,"column":49},"end":{"line":7,"column":62}}],"line":7},"2":{"loc":{"start":{"line":16,"column":20},"end":{"line":16,"column":94}},"type":"cond-expr","locations":[{"start":{"line":16,"column":87},"end":{"line":16,"column":89}},{"start":{"line":16,"column":92},"end":{"line":16,"column":94}}],"line":16},"3":{"loc":{"start":{"line":16,"column":20},"end":{"line":16,"column":84}},"type":"binary-expr","locations":[{"start":{"line":16,"column":20},"end":{"line":16,"column":67}},{"start":{"line":16,"column":71},"end":{"line":16,"column":84}}],"line":16},"4":{"loc":{"start":{"line":17,"column":17},"end":{"line":17,"column":153}},"type":"cond-expr","locations":[{"start":{"line":17,"column":143},"end":{"line":17,"column":145}},{"start":{"line":17,"column":148},"end":{"line":17,"column":153}}],"line":17},"5":{"loc":{"start":{"line":17,"column":17},"end":{"line":17,"column":140}},"type":"binary-expr","locations":[{"start":{"line":17,"column":17},"end":{"line":17,"column":123}},{"start":{"line":17,"column":127},"end":{"line":17,"column":140}}],"line":17},"6":{"loc":{"start":{"line":17,"column":23},"end":{"line":17,"column":113}},"type":"cond-expr","locations":[{"start":{"line":17,"column":85},"end":{"line":17,"column":91}},{"start":{"line":17,"column":94},"end":{"line":17,"column":113}}],"line":17},"7":{"loc":{"start":{"line":17,"column":23},"end":{"line":17,"column":82}},"type":"binary-expr","locations":[{"start":{"line":17,"column":23},"end":{"line":17,"column":65}},{"start":{"line":17,"column":69},"end":{"line":17,"column":82}}],"line":17},"8":{"loc":{"start":{"line":18,"column":8},"end":{"line":19,"column":21}},"type":"if","locations":[{"start":{"line":18,"column":8},"end":{"line":19,"column":21}},{"start":{"line":18,"column":8},"end":{"line":19,"column":21}}],"line":18},"9":{"loc":{"start":{"line":18,"column":12},"end":{"line":18,"column":25}},"type":"binary-expr","locations":[{"start":{"line":18,"column":12},"end":{"line":18,"column":15}},{"start":{"line":18,"column":19},"end":{"line":18,"column":25}}],"line":18},"10":{"loc":{"start":{"line":22,"column":19},"end":{"line":22,"column":69}},"type":"cond-expr","locations":[{"start":{"line":22,"column":28},"end":{"line":22,"column":61}},{"start":{"line":22,"column":64},"end":{"line":22,"column":69}}],"line":22},"11":{"loc":{"start":{"line":37,"column":8},"end":{"line":38,"column":21}},"type":"if","locations":[{"start":{"line":37,"column":8},"end":{"line":38,"column":21}},{"start":{"line":37,"column":8},"end":{"line":38,"column":21}}],"line":37},"12":{"loc":{"start":{"line":37,"column":12},"end":{"line":37,"column":25}},"type":"binary-expr","locations":[{"start":{"line":37,"column":12},"end":{"line":37,"column":15}},{"start":{"line":37,"column":19},"end":{"line":37,"column":25}}],"line":37},"13":{"loc":{"start":{"line":39,"column":8},"end":{"line":51,"column":9}},"type":"if","locations":[{"start":{"line":39,"column":8},"end":{"line":51,"column":9}},{"start":{"line":39,"column":8},"end":{"line":51,"column":9}}],"line":39},"14":{"loc":{"start":{"line":42,"column":23},"end":{"line":42,"column":124}},"type":"cond-expr","locations":[{"start":{"line":42,"column":97},"end":{"line":42,"column":102}},{"start":{"line":42,"column":107},"end":{"line":42,"column":123}}],"line":42},"15":{"loc":{"start":{"line":42,"column":24},"end":{"line":42,"column":92}},"type":"cond-expr","locations":[{"start":{"line":42,"column":61},"end":{"line":42,"column":67}},{"start":{"line":42,"column":70},"end":{"line":42,"column":92}}],"line":42},"16":{"loc":{"start":{"line":42,"column":24},"end":{"line":42,"column":58}},"type":"binary-expr","locations":[{"start":{"line":42,"column":24},"end":{"line":42,"column":38}},{"start":{"line":42,"column":42},"end":{"line":42,"column":58}}],"line":42},"17":{"loc":{"start":{"line":74,"column":8},"end":{"line":75,"column":21}},"type":"if","locations":[{"start":{"line":74,"column":8},"end":{"line":75,"column":21}},{"start":{"line":74,"column":8},"end":{"line":75,"column":21}}],"line":74},"18":{"loc":{"start":{"line":80,"column":4},"end":{"line":81,"column":22}},"type":"if","locations":[{"start":{"line":80,"column":4},"end":{"line":81,"column":22}},{"start":{"line":80,"column":4},"end":{"line":81,"column":22}}],"line":80}},"s":{"0":1,"1":1,"2":1,"3":1,"4":0,"5":0,"6":1,"7":0,"8":0,"9":0,"10":0,"11":0,"12":0,"13":0,"14":0,"15":0,"16":0,"17":1,"18":0,"19":0,"20":0,"21":0,"22":0,"23":0,"24":0,"25":0,"26":0,"27":0,"28":0,"29":0,"30":0,"31":1,"32":0,"33":0,"34":0,"35":0,"36":0,"37":0,"38":0,"39":0,"40":0,"41":0,"42":0,"43":0,"44":1,"45":0},"f":{"0":0,"1":0,"2":0,"3":0,"4":0},"b":{"0":[0,0],"1":[0,0],"2":[0,0],"3":[0,0],"4":[0,0],"5":[0,0],"6":[0,0],"7":[0,0],"8":[0,0],"9":[0,0],"10":[0,0],"11":[0,0],"12":[0,0],"13":[0,0],"14":[0,0],"15":[0,0],"16":[0,0],"17":[0,0],"18":[0,0]},"inputSourceMap":{"version":3,"file":"D:\\ATOM-\\ATOM\\REACTJS\\extensions-viet\\src\\TruyentranhAudio\\TruyentranhAudioParser.ts","sources":["D:\\ATOM-\\ATOM\\REACTJS\\extensions-viet\\src\\TruyentranhAudio\\TruyentranhAudioParser.ts"],"names":[],"mappings":";;;AAEA,MAAM,QAAQ,GAAG,OAAO,CAAC,UAAU,CAAC,CAAC,CAAC,2CAA2C;AAOpE,QAAA,cAAc,GAAG,CAAC,KAAoB,EAAU,EAAE;;IAC3D,IAAI,OAAO,SAAW,KAAK,CAAC,KAAK,mCAAI,EAAE,CAAC;IACxC,OAAO,SAAS,CAAC,OAAO,CAAC,CAAC;AAC9B,CAAC,CAAA;AAEY,QAAA,WAAW,GAAG,CAAC,CAAgB,EAAe,EAAE;;IACzD,MAAM,MAAM,GAAgB,EAAE,CAAC;IAC/B,KAAK,IAAI,KAAK,IAAI,CAAC,CAAC,IAAI,EAAE,eAAe,CAAC,CAAC,OAAO,EAAE,EAAE;QAClD,IAAI,KAAK,GAAG,CAAC,CAAC,mBAAmB,EAAE,KAAK,CAAC,CAAC,IAAI,EAAE,CAAC,IAAI,EAAE,CAAC;QACxD,IAAI,QAAQ,GAAG,CAAC,CAAC,mBAAmB,EAAE,KAAK,CAAC,CAAC,IAAI,EAAE,CAAC,IAAI,EAAE,CAAC;QAC3D,IAAI,KAAK,SAAG,CAAC,CAAC,SAAS,EAAE,KAAK,CAAC,CAAC,IAAI,CAAC,KAAK,CAAC,mCAAI,EAAE,CAAC;QAClD,IAAI,EAAE,eAAG,CAAC,CAAC,GAAG,EAAE,KAAK,CAAC,CAAC,IAAI,CAAC,MAAM,CAAC,0CAAE,KAAK,CAAC,GAAG,EAAE,GAAG,qCAAM,KAAK,CAAC;QAC/D,IAAI,CAAC,EAAE,IAAI,CAAC,KAAK;YAAE,SAAS;QAC5B,MAAM,CAAC,IAAI,CAAC,eAAe,CAAC;YACxB,EAAE,EAAE,kBAAkB,CAAC,EAAE,CAAC;YAC1B,KAAK,EAAE,CAAC,KAAK,CAAC,CAAC,CAAC,iCAAiC,CAAC,CAAC,CAAC,KAAK;YACzD,KAAK,EAAE,cAAc,CAAC,EAAE,IAAI,EAAE,KAAK,EAAE,CAAC;YACtC,YAAY,EAAE,cAAc,CAAC,EAAE,IAAI,EAAE,QAAQ,EAAE,CAAC;SACnD,CAAC,CAAC,CAAC;KACP;IACD,OAAO,MAAM,CAAC;AAClB,CAAC,CAAA;AAEY,QAAA,aAAa,GAAG,CAAC,CAAgB,EAAe,EAAE;IAC3D,MAAM,KAAK,GAAgB,EAAE,CAAC;IAC9B,MAAM,YAAY,GAAa,EAAE,CAAC;IAClC,KAAK,IAAI,GAAG,IAAI,CAAC,CAAC,kBAAkB,EAAE,iDAAiD,CAAC,CAAC,OAAO,EAAE,EAAE;QAChG,MAAM,KAAK,GAAG,CAAC,CAAC,eAAe,EAAE,GAAG,CAAC,CAAC,IAAI,EAAE,CAAC,IAAI,EAAE,CAAC;QACpD,MAAM,EAAE,GAAG,CAAC,CAAC,mBAAmB,EAAE,GAAG,CAAC,CAAC,IAAI,CAAC,MAAM,CAAC,CAAC;QACpD,MAAM,KAAK,GAAG,CAAC,CAAC,gDAAgD,EAAE,GAAG,CAAC,CAAC,IAAI,CAAC,SAAS,CAAC,CAAC;QACvF,MAAM,GAAG,GAAG,CAAC,CAAC,qBAAqB,EAAE,GAAG,CAAC,CAAC,IAAI,EAAE,CAAC,IAAI,EAAE,CAAA;QACvD,IAAI,CAAC,EAAE,IAAI,CAAC,KAAK;YAAE,SAAS;QAC5B,IAAI,CAAC,YAAY,CAAC,QAAQ,CAAC,EAAE,CAAC,EAAE;YAC5B,KAAK,CAAC,IAAI,CAAC,eAAe,CAAC;gBACvB,EAAE,EAAE,EAAE;gBACN,KAAK,EAAE,CAAA,KAAK,aAAL,KAAK,uBAAL,KAAK,CAAE,QAAQ,CAAC,MAAM,GAAE,CAAC,CAAC,CAAC,KAAK,CAAC,CAAC,CAAC,CAAC,CAAC,QAAQ,GAAG,KAAK,CAAC;gBAC7D,KAAK,EAAE,cAAc,CAAC;oBAClB,IAAI,EAAE,KAAK;iBACd,CAAC;gBACF,YAAY,EAAE,cAAc,CAAC;oBACzB,IAAI,EAAE,SAAS,GAAG,GAAG;iBACxB,CAAC;aACL,CAAC,CAAC,CAAC;YACJ,YAAY,CAAC,IAAI,CAAC,EAAE,CAAC,CAAC;SACzB;KACJ;IACD,OAAO,KAAK,CAAC;AACjB,CAAC,CAAA;AAED,iEAAiE;AACjE,mCAAmC;AACnC,mDAAmD;AACnD,qDAAqD;AACrD,qDAAqD;AACrD,kCAAkC;AAClC,2BAA2B;AAC3B,sBAAsB;AACtB,4BAA4B;AAC5B,cAAc;AACd,QAAQ;AACR,oIAAoI;AACpI,0BAA0B;AAC1B,IAAI;AAES,QAAA,UAAU,GAAG,CAAC,CAAgB,EAAW,EAAE;IACpD,IAAI,MAAM,GAAG,KAAK,CAAC;IACnB,MAAM,KAAK,GAAG,EAAE,CAAC;IAEjB,KAAK,MAAM,IAAI,IAAI,CAAC,CAAC,IAAI,EAAE,eAAe,CAAC,CAAC,OAAO,EAAE,EAAE;QACnD,MAAM,CAAC,GAAG,MAAM,CAAC,CAAC,CAAC,GAAG,EAAE,IAAI,CAAC,CAAC,IAAI,EAAE,CAAC,IAAI,EAAE,CAAC,CAAC;QAC7C,IAAI,KAAK,CAAC,CAAC,CAAC;YAAE,SAAS;QACvB,KAAK,CAAC,IAAI,CAAC,CAAC,CAAC,CAAC;KACjB;IACD,MAAM,QAAQ,GAAG,IAAI,CAAC,GAAG,CAAC,GAAG,KAAK,CAAC,CAAC;IACpC,MAAM,WAAW,GAAG,MAAM,CAAC,CAAC,CAAC,eAAe,CAAC,CAAC,IAAI,EAAE,CAAC,IAAI,EAAE,CAAC,CAAC;IAC7D,IAAI,WAAW,IAAI,QAAQ;QAAE,MAAM,GAAG,IAAI,CAAC;IAC3C,OAAO,MAAM,CAAC;AAClB,CAAC,CAAA;AAED,MAAM,gBAAgB,GAAG,CAAC,GAAW,EAAU,EAAE;IAC7C,OAAO,QAAQ,CAAC,UAAU,CAAC,GAAG,CAAC,CAAC;AACpC,CAAC,CAAA","sourcesContent":["import { Tag, MangaTile, SearchRequest, TagSection } from \"paperback-extensions-common\";\r\n\r\nconst entities = require(\"entities\"); //Import package for decoding HTML entities\r\n\r\nexport interface UpdatedManga {\r\n    ids: string[];\r\n    loadMore: boolean;\r\n}\r\n\r\nexport const generateSearch = (query: SearchRequest): string => {\r\n    let keyword: string = query.title ?? \"\";\r\n    return encodeURI(keyword);\r\n}\r\n\r\nexport const parseSearch = ($: CheerioStatic): MangaTile[] => {\r\n    const mangas: MangaTile[] = [];\r\n    for (let manga of $('li', '.list-stories').toArray()) {\r\n        let title = $(`h3.title-book > a`, manga).text().trim();\r\n        let subtitle = $(`.episode-book > a`, manga).text().trim();\r\n        let image = $(`a > img`, manga).attr(\"src\") ?? \"\";\r\n        let id = $(`a`, manga).attr(\"href\")?.split(\"/\").pop() ?? title;\r\n        if (!id || !title) continue;\r\n        mangas.push(createMangaTile({\r\n            id: encodeURIComponent(id),\r\n            image: !image ? \"https://i.imgur.com/GYUxEX8.png\" : image,\r\n            title: createIconText({ text: title }),\r\n            subtitleText: createIconText({ text: subtitle }),\r\n        }));\r\n    }\r\n    return mangas;\r\n}\r\n\r\nexport const parseViewMore = ($: CheerioStatic): MangaTile[] => {\r\n    const manga: MangaTile[] = [];\r\n    const collectedIds: string[] = [];\r\n    for (let obj of $('.thumb-item-flow', '.col-md-8 > .card:nth-child(2) .row-last-update').toArray()) {\r\n        const title = $('.series-title', obj).text().trim();\r\n        const id = $('.series-title > a', obj).attr('href');\r\n        const image = $('.thumb-wrapper > a > .a6-ratio > .img-in-ratio', obj).attr('data-bg');\r\n        const sub = $('.chapter-title  > a', obj).text().trim()\r\n        if (!id || !title) continue;\r\n        if (!collectedIds.includes(id)) {\r\n            manga.push(createMangaTile({\r\n                id: id,\r\n                image: image?.includes('http') ? (image) : (\"https:\" + image),\r\n                title: createIconText({\r\n                    text: title,\r\n                }),\r\n                subtitleText: createIconText({\r\n                    text: \"Chương \" + sub,\r\n                }),\r\n            }));\r\n            collectedIds.push(id);\r\n        }\r\n    }\r\n    return manga;\r\n}\r\n\r\n// export const parseTags = ($: CheerioStatic): TagSection[] => {\r\n//     const arrayTags: Tag[] = [];\r\n//     for (const obj of $(\"li\", \"ul\").toArray()) {\r\n//         const label = ($(\"a\", obj).text().trim());\r\n//         const id = $('a', obj).attr('href') ?? \"\";\r\n//         if (id == \"\") continue;\r\n//         arrayTags.push({\r\n//             id: id,\r\n//             label: label,\r\n//         });\r\n//     }\r\n//     const tagSections: TagSection[] = [createTagSection({ id: '0', label: 'Thể Loại', tags: arrayTags.map(x => createTag(x)) })];\r\n//     return tagSections;\r\n// }\r\n\r\nexport const isLastPage = ($: CheerioStatic): boolean => {\r\n    let isLast = false;\r\n    const pages = [];\r\n\r\n    for (const page of $(\"li\", \"ul.pagination\").toArray()) {\r\n        const p = Number($('a', page).text().trim());\r\n        if (isNaN(p)) continue;\r\n        pages.push(p);\r\n    }\r\n    const lastPage = Math.max(...pages);\r\n    const currentPage = Number($(\"li > a.active\").text().trim());\r\n    if (currentPage >= lastPage) isLast = true;\r\n    return isLast;\r\n}\r\n\r\nconst decodeHTMLEntity = (str: string): string => {\r\n    return entities.decodeHTML(str);\r\n}\r\n"]},"_coverageSchema":"1a1c01bbd47fc00a2c39e90264f33305004495a9","hash":"551b7d5bfbab9116d00060c1ec1e8cdde5ddb5e8","contentHash":"291e39d45aff4a96a0099a0c422dd2c37cc3745fffdbf6686d3cdf25eb11ca4f"}}