TN:
SF:src\LXHentai\LXHentai.ts
FN:43,(anonymous_0)
FN:44,(anonymous_1)
FN:50,(anonymous_2)
FN:86,(anonymous_3)
FN:109,(anonymous_4)
FN:132,(anonymous_5)
FN:170,(anonymous_6)
FN:202,(anonymous_7)
FN:213,(anonymous_8)
FN:215,(anonymous_9)
FN:254,(anonymous_10)
FN:305,(anonymous_11)
FN:306,(anonymous_12)
FN:307,(anonymous_13)
FN:308,(anonymous_14)
FN:309,(anonymous_15)
FN:314,(anonymous_16)
FNF:17
FNH:2
FNDA:1,(anonymous_0)
FNDA:0,(anonymous_1)
FNDA:0,(anonymous_2)
FNDA:0,(anonymous_3)
FNDA:0,(anonymous_4)
FNDA:1,(anonymous_5)
FNDA:0,(anonymous_6)
FNDA:0,(anonymous_7)
FNDA:0,(anonymous_8)
FNDA:0,(anonymous_9)
FNDA:0,(anonymous_10)
FNDA:0,(anonymous_11)
FNDA:0,(anonymous_12)
FNDA:0,(anonymous_13)
FNDA:0,(anonymous_14)
FNDA:0,(anonymous_15)
FNDA:0,(anonymous_16)
DA:1,1
DA:21,1
DA:23,1
DA:24,1
DA:26,1
DA:43,1
DA:44,0
DA:45,1
DA:51,0
DA:55,0
DA:56,0
DA:57,0
DA:72,0
DA:87,0
DA:91,0
DA:92,0
DA:93,0
DA:94,0
DA:95,0
DA:96,0
DA:97,0
DA:106,0
DA:110,0
DA:115,0
DA:116,0
DA:117,0
DA:118,0
DA:119,0
DA:120,0
DA:123,0
DA:129,0
DA:133,1
DA:138,1
DA:140,1
DA:144,1
DA:145,1
DA:146,1
DA:147,1
DA:148,60
DA:149,60
DA:150,60
DA:151,60
DA:152,60
DA:153,60
DA:164,1
DA:165,1
DA:166,1
DA:167,1
DA:171,0
DA:172,0
DA:173,0
DA:174,0
DA:176,0
DA:177,0
DA:182,0
DA:185,0
DA:191,0
DA:192,0
DA:194,0
DA:195,0
DA:196,0
DA:203,0
DA:205,0
DA:213,0
DA:214,0
DA:215,0
DA:216,0
DA:217,0
DA:219,0
DA:221,0
DA:222,0
DA:224,0
DA:225,0
DA:227,0
DA:228,0
DA:230,0
DA:231,0
DA:235,0
DA:236,0
DA:242,0
DA:243,0
DA:244,0
DA:246,0
DA:248,0
DA:255,0
DA:256,0
DA:261,0
DA:262,0
DA:263,0
DA:264,0
DA:265,0
DA:266,0
DA:267,0
DA:269,0
DA:270,0
DA:271,0
DA:272,0
DA:273,0
DA:276,0
DA:277,0
DA:278,0
DA:279,0
DA:280,0
DA:283,0
DA:284,0
DA:285,0
DA:286,0
DA:287,0
DA:290,0
DA:291,0
DA:292,0
DA:293,0
DA:294,0
DA:297,0
DA:298,0
DA:299,0
DA:300,0
DA:301,0
DA:304,0
DA:305,0
DA:306,0
DA:307,0
DA:308,0
DA:309,0
DA:311,0
DA:315,0
LF:126
LH:24
BRDA:149,0,0,60
BRDA:149,0,1,0
BRDA:149,1,0,60
BRDA:149,1,1,60
BRDA:151,2,0,0
BRDA:151,2,1,60
BRDA:151,3,0,60
BRDA:151,3,1,60
BRDA:171,4,0,0
BRDA:171,4,1,0
BRDA:171,5,0,0
BRDA:171,5,1,0
BRDA:171,6,0,0
BRDA:171,6,1,0
BRDA:171,7,0,0
BRDA:171,7,1,0
BRDA:175,8,0,0
BRDA:175,8,1,0
BRDA:195,9,0,0
BRDA:195,9,1,0
BRDA:203,10,0,0
BRDA:203,10,1,0
BRDA:203,11,0,0
BRDA:203,11,1,0
BRDA:203,12,0,0
BRDA:203,12,1,0
BRDA:203,13,0,0
BRDA:203,13,1,0
BRDA:213,14,0,0
BRDA:213,14,1,0
BRDA:213,15,0,0
BRDA:213,15,1,0
BRDA:213,16,0,0
BRDA:213,16,1,0
BRDA:213,17,0,0
BRDA:213,17,1,0
BRDA:216,18,0,0
BRDA:216,18,1,0
BRDA:220,19,0,0
BRDA:220,19,1,0
BRDA:220,19,2,0
BRDA:220,19,3,0
BRDA:235,20,0,0
BRDA:235,20,1,0
BRDA:235,21,0,0
BRDA:235,21,1,0
BRDA:237,22,0,0
BRDA:237,22,1,0
BRDA:239,23,0,0
BRDA:239,23,1,0
BRDA:239,24,0,0
BRDA:239,24,1,0
BRDA:246,25,0,0
BRDA:246,25,1,0
BRDA:271,26,0,0
BRDA:271,26,1,0
BRDA:271,27,0,0
BRDA:271,27,1,0
BRDA:272,28,0,0
BRDA:272,28,1,0
BRDA:272,29,0,0
BRDA:272,29,1,0
BRDA:278,30,0,0
BRDA:278,30,1,0
BRDA:278,31,0,0
BRDA:278,31,1,0
BRDA:279,32,0,0
BRDA:279,32,1,0
BRDA:279,33,0,0
BRDA:279,33,1,0
BRDA:285,34,0,0
BRDA:285,34,1,0
BRDA:285,35,0,0
BRDA:285,35,1,0
BRDA:286,36,0,0
BRDA:286,36,1,0
BRDA:286,37,0,0
BRDA:286,37,1,0
BRDA:292,38,0,0
BRDA:292,38,1,0
BRDA:292,39,0,0
BRDA:292,39,1,0
BRDA:293,40,0,0
BRDA:293,40,1,0
BRDA:293,41,0,0
BRDA:293,41,1,0
BRDA:299,42,0,0
BRDA:299,42,1,0
BRDA:299,43,0,0
BRDA:299,43,1,0
BRDA:300,44,0,0
BRDA:300,44,1,0
BRDA:300,45,0,0
BRDA:300,45,1,0
BRF:94
BRH:6
end_of_record
TN:
SF:src\LXHentai\TruyentranhAudioParser.ts
FN:10,(anonymous_0)
FN:15,(anonymous_1)
FN:33,(anonymous_2)
FN:57,(anonymous_3)
FN:68,(anonymous_4)
FN:72,(anonymous_5)
FNF:6
FNH:0
FNDA:0,(anonymous_0)
FNDA:0,(anonymous_1)
FNDA:0,(anonymous_2)
FNDA:0,(anonymous_3)
FNDA:0,(anonymous_4)
FNDA:0,(anonymous_5)
DA:10,1
DA:11,0
DA:12,0
DA:15,1
DA:16,0
DA:17,0
DA:18,0
DA:19,0
DA:20,0
DA:21,0
DA:22,0
DA:23,0
DA:30,0
DA:33,1
DA:34,0
DA:36,0
DA:37,0
DA:38,0
DA:39,0
DA:40,0
DA:41,0
DA:43,0
DA:54,0
DA:57,1
DA:58,0
DA:59,0
DA:60,0
DA:61,0
DA:62,0
DA:63,0
DA:68,0
DA:69,0
DA:72,1
DA:73,0
DA:74,0
DA:76,0
DA:77,0
DA:78,0
DA:79,0
DA:81,0
DA:82,0
DA:83,0
DA:84,0
LF:43
LH:5
BRDA:11,0,0,0
BRDA:11,0,1,0
BRDA:11,1,0,0
BRDA:11,1,1,0
BRDA:20,2,0,0
BRDA:20,2,1,0
BRDA:20,3,0,0
BRDA:20,3,1,0
BRDA:21,4,0,0
BRDA:21,4,1,0
BRDA:21,5,0,0
BRDA:21,5,1,0
BRDA:21,6,0,0
BRDA:21,6,1,0
BRDA:21,7,0,0
BRDA:21,7,1,0
BRDA:22,8,0,0
BRDA:22,8,1,0
BRDA:22,9,0,0
BRDA:22,9,1,0
BRDA:25,10,0,0
BRDA:25,10,1,0
BRDA:38,11,0,0
BRDA:38,11,1,0
BRDA:38,12,0,0
BRDA:38,12,1,0
BRDA:40,13,0,0
BRDA:40,13,1,0
BRDA:40,14,0,0
BRDA:40,14,1,0
BRDA:61,15,0,0
BRDA:61,15,1,0
BRDA:61,16,0,0
BRDA:61,16,1,0
BRDA:62,17,0,0
BRDA:62,17,1,0
BRDA:78,18,0,0
BRDA:78,18,1,0
BRDA:83,19,0,0
BRDA:83,19,1,0
BRF:40
BRH:0
end_of_record
TN:
SF:src\tests\LXHentai.test.ts
FN:11,(anonymous_1)
FN:83,(anonymous_2)
FNF:2
FNH:2
FNDA:1,(anonymous_1)
FNDA:1,(anonymous_2)
DA:1,1
DA:2,1
DA:7,1
DA:8,1
DA:9,1
DA:11,1
DA:12,1
DA:13,1
DA:14,1
DA:15,1
DA:83,1
DA:84,1
DA:85,1
DA:86,1
DA:87,1
LF:15
LH:15
BRF:0
BRH:0
end_of_record
