TN:
SF:src\TruyentranhAudio\TruyentranhAudio.ts
FN:42,(anonymous_7)
FN:43,(anonymous_8)
FN:49,(anonymous_9)
FN:95,(anonymous_11)
FN:119,(anonymous_13)
FN:143,(anonymous_15)
FN:248,(anonymous_17)
FN:277,(anonymous_19)
FN:288,(anonymous_21)
FN:290,(anonymous_22)
FN:389,(anonymous_23)
FNF:11
FNH:5
FNDA:1,(anonymous_7)
FNDA:0,(anonymous_8)
FNDA:1,(anonymous_9)
FNDA:2,(anonymous_11)
FNDA:1,(anonymous_13)
FNDA:1,(anonymous_15)
FNDA:0,(anonymous_17)
FNDA:0,(anonymous_19)
FNDA:0,(anonymous_21)
FNDA:0,(anonymous_22)
FNDA:0,(anonymous_23)
DA:1,1
DA:20,1
DA:22,1
DA:23,1
DA:25,1
DA:42,1
DA:43,0
DA:44,1
DA:50,1
DA:54,1
DA:55,1
DA:56,1
DA:57,1
DA:58,1
DA:59,1
DA:60,1
DA:61,7
DA:62,7
DA:63,7
DA:64,7
DA:71,1
DA:72,1
DA:75,1
DA:76,1
DA:77,1
DA:78,1
DA:79,1
DA:80,1
DA:82,1
DA:96,2
DA:100,2
DA:101,2
DA:102,2
DA:103,2
DA:104,2
DA:105,3036
DA:106,3036
DA:107,3036
DA:116,2
DA:120,1
DA:125,1
DA:126,1
DA:127,1
DA:128,1
DA:129,19
DA:130,17
DA:131,17
DA:133,1
DA:134,1
DA:140,1
DA:144,1
DA:149,1
DA:154,1
DA:161,1
DA:162,1
DA:163,1
DA:167,1
DA:171,1
DA:172,1
DA:173,1
DA:174,1
DA:175,9
DA:176,9
DA:177,9
DA:178,9
DA:179,9
DA:181,9
DA:188,1
DA:189,1
DA:192,1
DA:196,1
DA:197,1
DA:198,1
DA:199,1
DA:200,27
DA:201,27
DA:202,27
DA:203,27
DA:205,27
DA:216,1
DA:217,1
DA:220,1
DA:224,1
DA:225,1
DA:226,1
DA:227,1
DA:228,7
DA:229,7
DA:230,7
DA:231,7
DA:233,7
DA:244,1
DA:245,1
DA:249,0
DA:250,0
DA:251,0
DA:252,0
DA:254,0
DA:255,0
DA:257,0
DA:260,0
DA:266,0
DA:267,0
DA:269,0
DA:270,0
DA:271,0
DA:278,0
DA:280,0
DA:288,0
DA:289,0
DA:290,0
DA:291,0
DA:292,0
DA:294,0
DA:296,0
DA:297,0
DA:299,0
DA:300,0
DA:302,0
DA:303,0
DA:305,0
DA:306,0
DA:310,0
DA:311,0
DA:317,0
DA:318,0
DA:319,0
DA:321,0
DA:323,0
DA:390,0
LF:130
LH:92
BRDA:62,0,0,7
BRDA:62,0,1,0
BRDA:62,1,0,7
BRDA:62,1,1,7
BRDA:62,2,0,0
BRDA:62,2,1,7
BRDA:62,3,0,7
BRDA:62,3,1,7
BRDA:71,4,0,0
BRDA:71,4,1,1
BRDA:71,5,0,1
BRDA:71,5,1,1
BRDA:109,6,0,2
BRDA:109,6,1,3034
BRDA:129,7,0,2
BRDA:129,7,1,17
BRDA:177,8,0,9
BRDA:177,8,1,0
BRDA:177,9,0,9
BRDA:177,9,1,9
BRDA:183,10,0,8
BRDA:183,10,1,1
BRDA:183,11,0,0
BRDA:183,11,1,9
BRDA:183,12,0,9
BRDA:183,12,1,9
BRDA:201,13,0,27
BRDA:201,13,1,0
BRDA:201,14,0,27
BRDA:201,14,1,27
BRDA:207,15,0,20
BRDA:207,15,1,7
BRDA:207,16,0,0
BRDA:207,16,1,27
BRDA:207,17,0,27
BRDA:207,17,1,27
BRDA:229,18,0,7
BRDA:229,18,1,0
BRDA:229,19,0,7
BRDA:229,19,1,7
BRDA:235,20,0,7
BRDA:235,20,1,0
BRDA:235,21,0,0
BRDA:235,21,1,7
BRDA:235,22,0,7
BRDA:235,22,1,7
BRDA:249,23,0,0
BRDA:249,23,1,0
BRDA:249,24,0,0
BRDA:249,24,1,0
BRDA:249,25,0,0
BRDA:249,25,1,0
BRDA:249,26,0,0
BRDA:249,26,1,0
BRDA:253,27,0,0
BRDA:253,27,1,0
BRDA:270,28,0,0
BRDA:270,28,1,0
BRDA:278,29,0,0
BRDA:278,29,1,0
BRDA:278,30,0,0
BRDA:278,30,1,0
BRDA:278,31,0,0
BRDA:278,31,1,0
BRDA:278,32,0,0
BRDA:278,32,1,0
BRDA:288,33,0,0
BRDA:288,33,1,0
BRDA:288,34,0,0
BRDA:288,34,1,0
BRDA:288,35,0,0
BRDA:288,35,1,0
BRDA:288,36,0,0
BRDA:288,36,1,0
BRDA:291,37,0,0
BRDA:291,37,1,0
BRDA:295,38,0,0
BRDA:295,38,1,0
BRDA:295,38,2,0
BRDA:295,38,3,0
BRDA:310,39,0,0
BRDA:310,39,1,0
BRDA:310,40,0,0
BRDA:310,40,1,0
BRDA:312,41,0,0
BRDA:312,41,1,0
BRDA:314,42,0,0
BRDA:314,42,1,0
BRDA:314,43,0,0
BRDA:314,43,1,0
BRDA:321,44,0,0
BRDA:321,44,1,0
BRF:92
BRH:36
end_of_record
TN:
SF:src\TruyentranhAudio\TruyentranhAudioParser.ts
FN:10,(anonymous_0)
FN:15,(anonymous_1)
FN:33,(anonymous_2)
FN:74,(anonymous_3)
FN:89,(anonymous_4)
FNF:5
FNH:0
FNDA:0,(anonymous_0)
FNDA:0,(anonymous_1)
FNDA:0,(anonymous_2)
FNDA:0,(anonymous_3)
FNDA:0,(anonymous_4)
DA:3,1
DA:10,1
DA:11,0
DA:12,0
DA:15,1
DA:16,0
DA:17,0
DA:18,0
DA:19,0
DA:20,0
DA:21,0
DA:22,0
DA:23,0
DA:30,0
DA:33,1
DA:34,0
DA:35,0
DA:36,0
DA:37,0
DA:38,0
DA:39,0
DA:40,0
DA:41,0
DA:42,0
DA:43,0
DA:53,0
DA:56,0
DA:74,1
DA:75,0
DA:76,0
DA:78,0
DA:79,0
DA:80,0
DA:81,0
DA:83,0
DA:84,0
DA:85,0
DA:86,0
DA:89,1
DA:90,0
LF:40
LH:6
BRDA:11,0,0,0
BRDA:11,0,1,0
BRDA:11,1,0,0
BRDA:11,1,1,0
BRDA:20,2,0,0
BRDA:20,2,1,0
BRDA:20,3,0,0
BRDA:20,3,1,0
BRDA:21,4,0,0
BRDA:21,4,1,0
BRDA:21,5,0,0
BRDA:21,5,1,0
BRDA:21,6,0,0
BRDA:21,6,1,0
BRDA:21,7,0,0
BRDA:21,7,1,0
BRDA:22,8,0,0
BRDA:22,8,1,0
BRDA:22,9,0,0
BRDA:22,9,1,0
BRDA:25,10,0,0
BRDA:25,10,1,0
BRDA:41,11,0,0
BRDA:41,11,1,0
BRDA:41,12,0,0
BRDA:41,12,1,0
BRDA:42,13,0,0
BRDA:42,13,1,0
BRDA:45,14,0,0
BRDA:45,14,1,0
BRDA:45,15,0,0
BRDA:45,15,1,0
BRDA:45,16,0,0
BRDA:45,16,1,0
BRDA:80,17,0,0
BRDA:80,17,1,0
BRDA:85,18,0,0
BRDA:85,18,1,0
BRF:38
BRH:0
end_of_record
TN:
SF:src\tests\TruyentranhAudio.test.ts
FN:9,(anonymous_8)
FN:22,(anonymous_9)
FN:22,(anonymous_10)
FN:38,(anonymous_11)
FN:38,(anonymous_12)
FN:51,(anonymous_13)
FN:51,(anonymous_14)
FN:81,(anonymous_15)
FN:81,(anonymous_16)
FNF:9
FNH:9
FNDA:1,(anonymous_8)
FNDA:1,(anonymous_9)
FNDA:1,(anonymous_10)
FNDA:1,(anonymous_11)
FNDA:1,(anonymous_12)
FNDA:1,(anonymous_13)
FNDA:1,(anonymous_14)
FNDA:1,(anonymous_15)
FNDA:1,(anonymous_16)
DA:1,1
DA:2,1
DA:5,1
DA:6,1
DA:7,1
DA:9,1
DA:10,1
DA:11,1
DA:12,1
DA:13,1
DA:20,1
DA:22,1
DA:23,1
DA:24,1
DA:28,1
DA:30,1
DA:31,1
DA:32,1
DA:33,1
DA:34,1
DA:38,1
DA:39,1
DA:41,1
DA:43,1
DA:44,1
DA:45,1
DA:47,1
DA:48,1
DA:51,1
DA:53,1
DA:54,1
DA:56,1
DA:57,1
DA:59,1
DA:60,1
DA:61,1
DA:81,1
DA:82,1
DA:83,1
DA:84,1
DA:85,1
DA:86,1
LF:42
LH:42
BRDA:44,0,0,0
BRDA:44,0,1,1
BRDA:44,1,0,1
BRDA:44,1,1,1
BRDA:45,2,0,0
BRDA:45,2,1,1
BRDA:45,3,0,1
BRDA:45,3,1,1
BRDA:48,4,0,0
BRDA:48,4,1,1
BRDA:48,5,0,1
BRDA:48,5,1,1
BRDA:54,6,0,1
BRDA:54,6,1,0
BRDA:54,7,0,1
BRDA:54,7,1,1
BRDA:54,8,0,0
BRDA:54,8,1,1
BRDA:54,9,0,1
BRDA:54,9,1,1
BRF:20
BRH:15
end_of_record
